#
# There is insufficient memory for the Java Runtime Environment to continue.
# Native memory allocation (mmap) failed to map 18874368 bytes for G1 virtual space
# Possible reasons:
#   The system is out of physical RAM or swap space
#   The process is running with CompressedOops enabled, and the Java Heap may be blocking the growth of the native heap
# Possible solutions:
#   Reduce memory load on the system
#   Increase physical memory or swap space
#   Check if swap backing store is full
#   Decrease Java heap size (-Xmx/-Xms)
#   Decrease number of Java threads
#   Decrease Java thread stack sizes (-Xss)
#   Set larger code cache with -XX:ReservedCodeCacheSize=
#   JVM is running with Zero Based Compressed Oops mode in which the Java heap is
#     placed in the first 32GB address space. The Java Heap base address is the
#     maximum limit for the native heap growth. Please use -XX:HeapBaseMinAddress
#     to set the Java Heap base and to place the Java Heap above 32GB virtual address.
# This output file may be truncated or incomplete.
#
#  Out of Memory Error (os_windows.cpp:3548), pid=4192, tid=5160
#
# JRE version: Java(TM) SE Runtime Environment (17.0.12+8) (build 17.0.12+8-LTS-286)
# Java VM: Java HotSpot(TM) 64-Bit Server VM (17.0.12+8-LTS-286, mixed mode, emulated-client, sharing, tiered, compressed oops, compressed class ptrs, g1 gc, windows-amd64)
# No core dump will be written. Minidumps are not enabled by default on client versions of Windows
#

---------------  S U M M A R Y ------------

Command Line: -agentlib:jdwp=transport=dt_socket,address=127.0.0.1:62449,suspend=y,server=n -agentpath:C:\Users\Admin\AppData\Local\Temp\idea_libasyncProfiler_dll_temp_folder\libasyncProfiler.dll=version,jfr,event=wall,interval=10ms,cstack=no,file=C:\Users\Admin\IdeaSnapshots\TasklistApplication_2026_02_13_174210.jfr,dbghelppath=C:\Users\Admin\AppData\Local\Temp\idea_dbghelp_dll_temp_folder\dbghelp.dll,log=C:\Users\Admin\AppData\Local\Temp\TasklistApplication_2026_02_13_174210.jfr.log.txt,logLevel=DEBUG -XX:TieredStopAtLevel=1 -Dspring.output.ansi.enabled=always -Dcom.sun.management.jmxremote -Dspring.jmx.enabled=true -Dspring.liveBeansView.mbeanDomain -Dspring.application.admin.enabled=true -Dmanagement.endpoints.jmx.exposure.include=* -javaagent:C:\Users\Admin\AppData\Local\JetBrains\IntelliJIdea2024.3\captureAgent\debugger-agent.jar -Dkotlinx.coroutines.debug.enable.creation.stack.trace=false -Ddebugger.agent.enable.coroutines=true -Dkotlinx.coroutines.debug.enable.flows.stack.trace=true -Dkotlinx.coroutines.debug.enable.mutable.state.flows.stack.trace=true -Dfile.encoding=UTF-8 com.programmingtechie.tasklist.TasklistApplication

Host: 11th Gen Intel(R) Core(TM) i7-1165G7 @ 2.80GHz, 8 cores, 15G,  Windows 11 , 64 bit Build 26100 (10.0.26100.7705)
Time: Fri Feb 13 17:42:25 2026 Azerbaijan Standard Time elapsed time: 14.345365 seconds (0d 0h 0m 14s)

---------------  T H R E A D  ---------------

Current thread (0x0000016db6c3da10):  VMThread "VM Thread" [stack: 0x0000003a98b00000,0x0000003a98c00000] [id=5160]

Stack: [0x0000003a98b00000,0x0000003a98c00000]
Native frames: (J=compiled Java code, j=interpreted, Vv=VM code, C=native code)
V  [jvm.dll+0x67a04a]
V  [jvm.dll+0x7da4ed]
V  [jvm.dll+0x7dbe33]
V  [jvm.dll+0x7dc4a3]
V  [jvm.dll+0x24508f]
V  [jvm.dll+0x677089]
V  [jvm.dll+0x66bd32]
V  [jvm.dll+0x301fa6]
V  [jvm.dll+0x309546]
V  [jvm.dll+0x359d2e]
V  [jvm.dll+0x359f5f]
V  [jvm.dll+0x2d9078]
V  [jvm.dll+0x2d74ad]
V  [jvm.dll+0x2d6afc]
V  [jvm.dll+0x31a65b]
V  [jvm.dll+0x7e0d9b]
V  [jvm.dll+0x7e1ad4]
V  [jvm.dll+0x7e1fed]
V  [jvm.dll+0x7e23c4]
V  [jvm.dll+0x7e2490]
V  [jvm.dll+0x78abea]
V  [jvm.dll+0x678f35]
C  [ucrtbase.dll+0x37b0]
C  [KERNEL32.DLL+0x2e8d7]
C  [ntdll.dll+0x8c40c]

VM_Operation (0x0000003a985fc100): G1CollectForAllocation, mode: safepoint, requested by thread 0x0000016da717b100


---------------  P R O C E S S  ---------------

Threads class SMR info:
_java_thread_list=0x0000016d82075120, length=26, elements={
0x0000016da717b100, 0x0000016db6c3f250, 0x0000016db6c442b0, 0x0000016db6c5a4d0,
0x0000016db6c5a9b0, 0x0000016db6c5ae90, 0x0000016db6c5f380, 0x0000016db6c5f860,
0x0000016db6c8e740, 0x0000016db6cd6fe0, 0x0000016db6e9a1c0, 0x0000016db6eb9860,
0x0000016db6eb9d50, 0x0000016dfc96dc20, 0x0000016dfce3dbd0, 0x0000016dfe33c950,
0x0000016dff679d10, 0x0000016d800e3d40, 0x0000016d800e7a00, 0x0000016d800e4c70,
0x0000016d80e6fcd0, 0x0000016d80e70c00, 0x0000016d80e72550, 0x0000016d80e752e0,
0x0000016d80e72f70, 0x0000016d81647310
}

Java Threads: ( => current thread )
  0x0000016da717b100 JavaThread "main" [_thread_blocked, id=29484, stack(0x0000003a98500000,0x0000003a98600000)]
  0x0000016db6c3f250 JavaThread "Reference Handler" daemon [_thread_blocked, id=24952, stack(0x0000003a98c00000,0x0000003a98d00000)]
  0x0000016db6c442b0 JavaThread "Finalizer" daemon [_thread_blocked, id=28104, stack(0x0000003a98d00000,0x0000003a98e00000)]
  0x0000016db6c5a4d0 JavaThread "Signal Dispatcher" daemon [_thread_blocked, id=35664, stack(0x0000003a98e00000,0x0000003a98f00000)]
  0x0000016db6c5a9b0 JavaThread "Attach Listener" daemon [_thread_blocked, id=25036, stack(0x0000003a98f00000,0x0000003a99000000)]
  0x0000016db6c5ae90 JavaThread "Service Thread" daemon [_thread_blocked, id=16964, stack(0x0000003a99000000,0x0000003a99100000)]
  0x0000016db6c5f380 JavaThread "Monitor Deflation Thread" daemon [_thread_blocked, id=32532, stack(0x0000003a99100000,0x0000003a99200000)]
  0x0000016db6c5f860 JavaThread "C1 CompilerThread0" daemon [_thread_blocked, id=24744, stack(0x0000003a99200000,0x0000003a99300000)]
  0x0000016db6c8e740 JavaThread "Sweeper thread" daemon [_thread_blocked, id=16656, stack(0x0000003a99300000,0x0000003a99400000)]
  0x0000016db6cd6fe0 JavaThread "Common-Cleaner" daemon [_thread_blocked, id=33764, stack(0x0000003a99400000,0x0000003a99500000)]
  0x0000016db6e9a1c0 JavaThread "JDWP Transport Listener: dt_socket" daemon [_thread_blocked, id=29196, stack(0x0000003a99800000,0x0000003a99900000)]
  0x0000016db6eb9860 JavaThread "JDWP Event Helper Thread" daemon [_thread_blocked, id=19444, stack(0x0000003a99900000,0x0000003a99a00000)]
  0x0000016db6eb9d50 JavaThread "JDWP Command Reader" daemon [_thread_in_native, id=17788, stack(0x0000003a99a00000,0x0000003a99b00000)]
  0x0000016dfc96dc20 JavaThread "Notification Thread" daemon [_thread_blocked, id=13560, stack(0x0000003a99b00000,0x0000003a99c00000)]
  0x0000016dfce3dbd0 JavaThread "RMI TCP Accept-0" daemon [_thread_in_native, id=26108, stack(0x0000003a9a300000,0x0000003a9a400000)]
  0x0000016dfe33c950 JavaThread "C1 CompilerThread1" daemon [_thread_blocked, id=38728, stack(0x0000003a99500000,0x0000003a99600000)]
  0x0000016dff679d10 JavaThread "C1 CompilerThread2" daemon [_thread_blocked, id=12380, stack(0x0000003a99700000,0x0000003a99800000)]
  0x0000016d800e3d40 JavaThread "Catalina-utility-1" [_thread_blocked, id=22212, stack(0x0000003a9a600000,0x0000003a9a700000)]
  0x0000016d800e7a00 JavaThread "Catalina-utility-2" [_thread_blocked, id=22264, stack(0x0000003a9a700000,0x0000003a9a800000)]
  0x0000016d800e4c70 JavaThread "container-0" [_thread_blocked, id=38596, stack(0x0000003a9a800000,0x0000003a9a900000)]
  0x0000016d80e6fcd0 JavaThread "Thread-1" daemon [_thread_in_native, id=27988, stack(0x0000003a9a900000,0x0000003a9aa00000)]
  0x0000016d80e70c00 JavaThread "lettuce-timer-3-1" daemon [_thread_blocked, id=15456, stack(0x0000003a9aa00000,0x0000003a9ab00000)]
  0x0000016d80e72550 JavaThread "Cleaner-0" daemon [_thread_blocked, id=13460, stack(0x0000003a9ac00000,0x0000003a9ad00000)]
  0x0000016d80e752e0 JavaThread "HikariPool-1:housekeeper" daemon [_thread_blocked, id=5672, stack(0x0000003a9ad00000,0x0000003a9ae00000)]
  0x0000016d80e72f70 JavaThread "HikariPool-1:connection-adder" daemon [_thread_blocked, id=36948, stack(0x0000003a9ae00000,0x0000003a9af00000)]
  0x0000016d81647310 JavaThread "Keep-Alive-Timer" daemon [_thread_blocked, id=31916, stack(0x0000003a9a500000,0x0000003a9a600000)]

Other Threads:
=>0x0000016db6c3da10 VMThread "VM Thread" [stack: 0x0000003a98b00000,0x0000003a98c00000] [id=5160]
  0x0000016dfcb42450 WatcherThread [stack: 0x0000003a9a400000,0x0000003a9a500000] [id=31000]
  0x0000016da71f1840 GCTaskThread "GC Thread#0" [stack: 0x0000003a98600000,0x0000003a98700000] [id=12656]
  0x0000016dfca5d910 GCTaskThread "GC Thread#1" [stack: 0x0000003a99c00000,0x0000003a99d00000] [id=23204]
  0x0000016dfcaa03a0 GCTaskThread "GC Thread#2" [stack: 0x0000003a99d00000,0x0000003a99e00000] [id=15804]
  0x0000016dfca51220 GCTaskThread "GC Thread#3" [stack: 0x0000003a99e00000,0x0000003a99f00000] [id=31196]
  0x0000016dfca77040 GCTaskThread "GC Thread#4" [stack: 0x0000003a99f00000,0x0000003a9a000000] [id=18920]
  0x0000016dfcaac2f0 GCTaskThread "GC Thread#5" [stack: 0x0000003a9a000000,0x0000003a9a100000] [id=12520]
  0x0000016dfcaeb990 GCTaskThread "GC Thread#6" [stack: 0x0000003a9a100000,0x0000003a9a200000] [id=21656]
  0x0000016dfcaebc50 GCTaskThread "GC Thread#7" [stack: 0x0000003a9a200000,0x0000003a9a300000] [id=7024]
  0x0000016da72023d0 ConcurrentGCThread "G1 Main Marker" [stack: 0x0000003a98700000,0x0000003a98800000] [id=23912]
  0x0000016da7203be0 ConcurrentGCThread "G1 Conc#0" [stack: 0x0000003a98800000,0x0000003a98900000] [id=17712]
  0x0000016dfcfe8ff0 ConcurrentGCThread "G1 Conc#1" [stack: 0x0000003a99600000,0x0000003a99700000] [id=5800]
  0x0000016da72e7680 ConcurrentGCThread "G1 Refine#0" [stack: 0x0000003a98900000,0x0000003a98a00000] [id=29828]
  0x0000016da72e8980 ConcurrentGCThread "G1 Service" [stack: 0x0000003a98a00000,0x0000003a98b00000] [id=10600]

Threads with active compile tasks:

VM state: at safepoint (normal execution)

VM Mutex/Monitor currently owned by a thread:  ([mutex/lock_event])
[0x0000016da7175ab0] Threads_lock - owner thread: 0x0000016db6c3da10
[0x0000016da7175b40] Heap_lock - owner thread: 0x0000016da717b100

Heap address: 0x0000000703600000, size: 4042 MB, Compressed Oops mode: Zero based, Oop shift amount: 3

CDS archive(s) mapped at: [0x0000016db7000000-0x0000016db7bd0000-0x0000016db7bd0000), size 12386304, SharedBaseAddress: 0x0000016db7000000, ArchiveRelocationMode: 1.
Compressed class space mapped at: 0x0000016db8000000-0x0000016df8000000, reserved size: 1073741824
Narrow klass base: 0x0000016db7000000, Narrow klass shift: 0, Narrow klass range: 0x100000000

GC Precious Log:
 CPUs: 8 total, 8 available
 Memory: 16167M
 Large Page Support: Disabled
 NUMA Support: Disabled
 Compressed Oops: Enabled (Zero based)
 Heap Region Size: 2M
 Heap Min Capacity: 8M
 Heap Initial Capacity: 254M
 Heap Max Capacity: 4042M
 Pre-touch: Disabled
 Parallel Workers: 8
 Concurrent Workers: 2
 Concurrent Refinement Workers: 8
 Periodic GC: Disabled

Heap:
 garbage-first heap   total 86016K, used 38911K [0x0000000703600000, 0x0000000800000000)
  region size 2048K, 2 young (4096K), 2 survivors (4096K)
 Metaspace       used 72912K, committed 73472K, reserved 1114112K
  class space    used 10051K, committed 10304K, reserved 1048576K

Heap Regions: E=young(eden), S=young(survivor), O=old, HS=humongous(starts), HC=humongous(continues), CS=collection set, F=free, OA=open archive, CA=closed archive, TAMS=top-at-mark-start (previous, next)
|   0|0x0000000703600000, 0x0000000703800000, 0x0000000703800000|100%| O|  |TAMS 0x0000000703800000, 0x0000000703600000| Untracked 
|   1|0x0000000703800000, 0x0000000703a00000, 0x0000000703a00000|100%| O|  |TAMS 0x0000000703a00000, 0x0000000703800000| Untracked 
|   2|0x0000000703a00000, 0x0000000703c00000, 0x0000000703c00000|100%| O|  |TAMS 0x0000000703c00000, 0x0000000703a00000| Untracked 
|   3|0x0000000703c00000, 0x0000000703e00000, 0x0000000703e00000|100%| O|  |TAMS 0x0000000703e00000, 0x0000000703c00000| Untracked 
|   4|0x0000000703e00000, 0x0000000704000000, 0x0000000704000000|100%| O|  |TAMS 0x0000000704000000, 0x0000000703e00000| Untracked 
|   5|0x0000000704000000, 0x00000007040b1200, 0x0000000704200000| 34%| O|  |TAMS 0x00000007040b1200, 0x0000000704000000| Untracked 
|   6|0x0000000704200000, 0x0000000704400000, 0x0000000704400000|100%| O|  |TAMS 0x0000000704400000, 0x0000000704200000| Untracked 
|   7|0x0000000704400000, 0x0000000704600000, 0x0000000704600000|100%| O|  |TAMS 0x0000000704600000, 0x0000000704400000| Untracked 
|   8|0x0000000704600000, 0x0000000704800000, 0x0000000704800000|100%| O|  |TAMS 0x0000000704800000, 0x0000000704600000| Untracked 
|   9|0x0000000704800000, 0x0000000704a00000, 0x0000000704a00000|100%| O|  |TAMS 0x0000000704a00000, 0x0000000704800000| Untracked 
|  10|0x0000000704a00000, 0x0000000704c00000, 0x0000000704c00000|100%| O|  |TAMS 0x0000000704c00000, 0x0000000704a00000| Untracked 
|  11|0x0000000704c00000, 0x0000000704e00000, 0x0000000704e00000|100%| O|  |TAMS 0x0000000704e00000, 0x0000000704c00000| Untracked 
|  12|0x0000000704e00000, 0x0000000705000000, 0x0000000705000000|100%| O|  |TAMS 0x0000000705000000, 0x0000000704e00000| Untracked 
|  13|0x0000000705000000, 0x0000000705200000, 0x0000000705200000|100%| O|  |TAMS 0x0000000705200000, 0x0000000705000000| Untracked 
|  14|0x0000000705200000, 0x0000000705400000, 0x0000000705400000|100%| O|  |TAMS 0x0000000705400000, 0x0000000705200000| Untracked 
|  15|0x0000000705400000, 0x0000000705600000, 0x0000000705600000|100%| O|  |TAMS 0x0000000705432000, 0x0000000705400000| Untracked 
|  16|0x0000000705600000, 0x0000000705800000, 0x0000000705800000|100%| O|  |TAMS 0x0000000705600000, 0x0000000705600000| Untracked 
|  17|0x0000000705800000, 0x0000000705a00000, 0x0000000705a00000|100%| O|  |TAMS 0x0000000705800000, 0x0000000705800000| Untracked 
|  18|0x0000000705a00000, 0x0000000705b1de00, 0x0000000705c00000| 55%| O|  |TAMS 0x0000000705a00000, 0x0000000705a00000| Untracked 
|  19|0x0000000705c00000, 0x0000000705c00000, 0x0000000705e00000|  0%| F|  |TAMS 0x0000000705c00000, 0x0000000705c00000| Untracked 
|  20|0x0000000705e00000, 0x0000000705e00000, 0x0000000706000000|  0%| F|  |TAMS 0x0000000705e00000, 0x0000000705e00000| Untracked 
|  21|0x0000000706000000, 0x0000000706000000, 0x0000000706200000|  0%| F|  |TAMS 0x0000000706000000, 0x0000000706000000| Untracked 
|  22|0x0000000706200000, 0x0000000706200000, 0x0000000706400000|  0%| F|  |TAMS 0x0000000706200000, 0x0000000706200000| Untracked 
|  23|0x0000000706400000, 0x0000000706400000, 0x0000000706600000|  0%| F|  |TAMS 0x0000000706400000, 0x0000000706400000| Untracked 
|  24|0x0000000706600000, 0x0000000706630d90, 0x0000000706800000|  9%| S|CS|TAMS 0x0000000706600000, 0x0000000706600000| Complete 
|  25|0x0000000706800000, 0x0000000706800000, 0x0000000706a00000|  0%| F|  |TAMS 0x0000000706800000, 0x0000000706800000| Untracked 
|  26|0x0000000706a00000, 0x0000000706a00000, 0x0000000706c00000|  0%| F|  |TAMS 0x0000000706a00000, 0x0000000706a00000| Untracked 
|  27|0x0000000706c00000, 0x0000000706c00000, 0x0000000706e00000|  0%| F|  |TAMS 0x0000000706c00000, 0x0000000706c00000| Untracked 
|  28|0x0000000706e00000, 0x0000000707000000, 0x0000000707000000|100%| S|CS|TAMS 0x0000000706e00000, 0x0000000706e00000| Complete 
|  29|0x0000000707000000, 0x0000000707000000, 0x0000000707200000|  0%| F|  |TAMS 0x0000000707000000, 0x0000000707000000| Untracked 
|  30|0x0000000707200000, 0x0000000707200000, 0x0000000707400000|  0%| F|  |TAMS 0x0000000707200000, 0x0000000707200000| Untracked 
|  31|0x0000000707400000, 0x0000000707400000, 0x0000000707600000|  0%| F|  |TAMS 0x0000000707400000, 0x0000000707400000| Untracked 
|  32|0x0000000707600000, 0x0000000707600000, 0x0000000707800000|  0%| F|  |TAMS 0x0000000707600000, 0x0000000707600000| Untracked 
|  33|0x0000000707800000, 0x0000000707800000, 0x0000000707a00000|  0%| F|  |TAMS 0x0000000707800000, 0x0000000707800000| Untracked 
|  34|0x0000000707a00000, 0x0000000707a00000, 0x0000000707c00000|  0%| F|  |TAMS 0x0000000707a00000, 0x0000000707a00000| Untracked 
|  35|0x0000000707c00000, 0x0000000707c00000, 0x0000000707e00000|  0%| F|  |TAMS 0x0000000707c00000, 0x0000000707c00000| Untracked 
|  36|0x0000000707e00000, 0x0000000707e00000, 0x0000000708000000|  0%| F|  |TAMS 0x0000000707e00000, 0x0000000707e00000| Untracked 
|  37|0x0000000708000000, 0x0000000708000000, 0x0000000708200000|  0%| F|  |TAMS 0x0000000708000000, 0x0000000708000000| Untracked 
| 111|0x0000000711400000, 0x0000000711400000, 0x0000000711600000|  0%| F|  |TAMS 0x0000000711400000, 0x0000000711400000| Untracked 
| 112|0x0000000711600000, 0x0000000711600000, 0x0000000711800000|  0%| F|  |TAMS 0x0000000711600000, 0x0000000711600000| Untracked 
| 113|0x0000000711800000, 0x0000000711800000, 0x0000000711a00000|  0%| F|  |TAMS 0x0000000711800000, 0x0000000711800000| Untracked 
| 126|0x0000000713200000, 0x0000000713200000, 0x0000000713400000|  0%| F|  |TAMS 0x0000000713200000, 0x0000000713200000| Untracked 

Card table byte_map: [0x0000016dab370000,0x0000016dabb60000] _byte_map_base: 0x0000016da7b55000

Marking Bits (Prev, Next): (CMBitMap*) 0x0000016da71f1db0, (CMBitMap*) 0x0000016da71f1d70
 Prev Bits: [0x0000016db0280000, 0x0000016db41a8000)
 Next Bits: [0x0000016dac350000, 0x0000016db0278000)

Polling page: 0x0000016d9d550000

Metaspace:

Usage:
  Non-class:     61.39 MB used.
      Class:      9.82 MB used.
       Both:     71.20 MB used.

Virtual space:
  Non-class space:       64.00 MB reserved,      61.69 MB ( 96%) committed,  1 nodes.
      Class space:        1.00 GB reserved,      10.06 MB ( <1%) committed,  1 nodes.
             Both:        1.06 GB reserved,      71.75 MB (  7%) committed. 

Chunk freelists:
   Non-Class:  1.41 MB
       Class:  5.94 MB
        Both:  7.35 MB

MaxMetaspaceSize: unlimited
CompressedClassSpaceSize: 1.00 GB
Initial GC threshold: 21.00 MB
Current GC threshold: 98.44 MB
CDS: on
MetaspaceReclaimPolicy: balanced
 - commit_granule_bytes: 65536.
 - commit_granule_words: 8192.
 - virtual_space_node_default_size: 8388608.
 - enlarge_chunks_in_place: 1.
 - new_chunks_are_fully_committed: 0.
 - uncommit_free_chunks: 1.
 - use_allocation_guard: 0.
 - handle_deallocations: 1.


Internal statistics:

num_allocs_failed_limit: 11.
num_arena_births: 764.
num_arena_deaths: 0.
num_vsnodes_births: 2.
num_vsnodes_deaths: 0.
num_space_committed: 1148.
num_space_uncommitted: 0.
num_chunks_returned_to_freelist: 11.
num_chunks_taken_from_freelist: 3116.
num_chunk_merges: 8.
num_chunk_splits: 2356.
num_chunks_enlarged: 1935.
num_inconsistent_stats: 0.

CodeCache: size=49152Kb used=14515Kb max_used=14515Kb free=34636Kb
 bounds [0x0000016da7300000, 0x0000016da8130000, 0x0000016daa300000]
 total_blobs=6504 nmethods=5855 adapters=573
 compilation: enabled
              stopped_count=0, restarted_count=0
 full_count=0

Compilation events (20 events):
Event: 12.214 Thread 0x0000016db6c5f860 5847       1       net.bytebuddy.description.type.TypeDescription$Generic$OfNonGenericType::<init> (5 bytes)
Event: 12.214 Thread 0x0000016db6c5f860 nmethod 5847 0x0000016da8127a10 code [0x0000016da8127ba0, 0x0000016da8127c58]
Event: 12.214 Thread 0x0000016dff679d10 nmethod 5846 0x0000016da8127d10 code [0x0000016da8127ea0, 0x0000016da8128018]
Event: 12.214 Thread 0x0000016dfe33c950 nmethod 5845 0x0000016da8128110 code [0x0000016da81282e0, 0x0000016da8128538]
Event: 12.214 Thread 0x0000016dfe33c950 5848       1       net.bytebuddy.description.type.TypeDefinition$Sort::describe (127 bytes)
Event: 12.214 Thread 0x0000016dff679d10 5849       1       net.bytebuddy.description.type.TypeDescription$Generic$OfNonGenericType::getSort (4 bytes)
Event: 12.214 Thread 0x0000016db6c5f860 5850       1       net.bytebuddy.description.type.TypeDescription$Generic$OfNonGenericType$ForLoadedType::asErasure (8 bytes)
Event: 12.214 Thread 0x0000016dff679d10 nmethod 5849 0x0000016da8128790 code [0x0000016da8128920, 0x0000016da81289f8]
Event: 12.214 Thread 0x0000016db6c5f860 nmethod 5850 0x0000016da8128a90 code [0x0000016da8128c40, 0x0000016da8128ec8]
Event: 12.214 Thread 0x0000016dfe33c950 nmethod 5848 0x0000016da8129110 code [0x0000016da81293e0, 0x0000016da812a0a8]
Event: 12.285 Thread 0x0000016db6c5f860 5851       1       org.postgresql.core.QueryExecutorBase::getPreferQueryMode (5 bytes)
Event: 12.285 Thread 0x0000016dff679d10 5852       1       org.postgresql.core.v3.SimpleParameterList::getParameterCount (6 bytes)
Event: 12.285 Thread 0x0000016dff679d10 nmethod 5852 0x0000016da812ae10 code [0x0000016da812afa0, 0x0000016da812b078]
Event: 12.285 Thread 0x0000016db6c5f860 nmethod 5851 0x0000016da812b190 code [0x0000016da812b320, 0x0000016da812b3f8]
Event: 12.303 Thread 0x0000016dfe33c950 5854       1       java.lang.invoke.MethodHandle::asType (28 bytes)
Event: 12.303 Thread 0x0000016dfe33c950 nmethod 5854 0x0000016da812b790 code [0x0000016da812b940, 0x0000016da812bae8]
Event: 12.308 Thread 0x0000016dfe33c950 5855   !   1       java.nio.DirectByteBuffer::address (53 bytes)
Event: 12.308 Thread 0x0000016dfe33c950 nmethod 5855 0x0000016da812c010 code [0x0000016da812c200, 0x0000016da812c4e8]
Event: 12.312 Thread 0x0000016dff679d10 5856       1       java.lang.AbstractStringBuilder::append (33 bytes)
Event: 12.312 Thread 0x0000016dff679d10 nmethod 5856 0x0000016da812c810 code [0x0000016da812c9c0, 0x0000016da812cb28]

GC Heap History (20 events):
Event: 4.814 GC heap after
{Heap after GC invocations=9 (full 0):
 garbage-first heap   total 86016K, used 23020K [0x0000000703600000, 0x0000000800000000)
  region size 2048K, 2 young (4096K), 2 survivors (4096K)
 Metaspace       used 34252K, committed 34624K, reserved 1114112K
  class space    used 4512K, committed 4672K, reserved 1048576K
}
Event: 4.962 GC heap before
{Heap before GC invocations=9 (full 0):
 garbage-first heap   total 86016K, used 35308K [0x0000000703600000, 0x0000000800000000)
  region size 2048K, 10 young (20480K), 2 survivors (4096K)
 Metaspace       used 35621K, committed 35968K, reserved 1114112K
  class space    used 4706K, committed 4864K, reserved 1048576K
}
Event: 4.969 GC heap after
{Heap after GC invocations=10 (full 0):
 garbage-first heap   total 86016K, used 23746K [0x0000000703600000, 0x0000000800000000)
  region size 2048K, 2 young (4096K), 2 survivors (4096K)
 Metaspace       used 35621K, committed 35968K, reserved 1114112K
  class space    used 4706K, committed 4864K, reserved 1048576K
}
Event: 5.554 GC heap before
{Heap before GC invocations=11 (full 0):
 garbage-first heap   total 86016K, used 62658K [0x0000000703600000, 0x0000000800000000)
  region size 2048K, 21 young (43008K), 2 survivors (4096K)
 Metaspace       used 40119K, committed 40640K, reserved 1114112K
  class space    used 5477K, committed 5696K, reserved 1048576K
}
Event: 5.562 GC heap after
{Heap after GC invocations=12 (full 0):
 garbage-first heap   total 86016K, used 25713K [0x0000000703600000, 0x0000000800000000)
  region size 2048K, 3 young (6144K), 3 survivors (6144K)
 Metaspace       used 40119K, committed 40640K, reserved 1114112K
  class space    used 5477K, committed 5696K, reserved 1048576K
}
Event: 5.994 GC heap before
{Heap before GC invocations=12 (full 0):
 garbage-first heap   total 86016K, used 60529K [0x0000000703600000, 0x0000000800000000)
  region size 2048K, 21 young (43008K), 3 survivors (6144K)
 Metaspace       used 43756K, committed 44224K, reserved 1114112K
  class space    used 5985K, committed 6208K, reserved 1048576K
}
Event: 6.002 GC heap after
{Heap after GC invocations=13 (full 0):
 garbage-first heap   total 86016K, used 27960K [0x0000000703600000, 0x0000000800000000)
  region size 2048K, 3 young (6144K), 3 survivors (6144K)
 Metaspace       used 43756K, committed 44224K, reserved 1114112K
  class space    used 5985K, committed 6208K, reserved 1048576K
}
Event: 6.470 GC heap before
{Heap before GC invocations=13 (full 0):
 garbage-first heap   total 86016K, used 62776K [0x0000000703600000, 0x0000000800000000)
  region size 2048K, 21 young (43008K), 3 survivors (6144K)
 Metaspace       used 49386K, committed 49792K, reserved 1114112K
  class space    used 6727K, committed 6912K, reserved 1048576K
}
Event: 6.473 GC heap after
{Heap after GC invocations=14 (full 0):
 garbage-first heap   total 86016K, used 29549K [0x0000000703600000, 0x0000000800000000)
  region size 2048K, 2 young (4096K), 2 survivors (4096K)
 Metaspace       used 49386K, committed 49792K, reserved 1114112K
  class space    used 6727K, committed 6912K, reserved 1048576K
}
Event: 7.050 GC heap before
{Heap before GC invocations=14 (full 0):
 garbage-first heap   total 86016K, used 62317K [0x0000000703600000, 0x0000000800000000)
  region size 2048K, 19 young (38912K), 2 survivors (4096K)
 Metaspace       used 54703K, committed 55232K, reserved 1114112K
  class space    used 7328K, committed 7552K, reserved 1048576K
}
Event: 7.053 GC heap after
{Heap after GC invocations=15 (full 0):
 garbage-first heap   total 86016K, used 31452K [0x0000000703600000, 0x0000000800000000)
  region size 2048K, 2 young (4096K), 2 survivors (4096K)
 Metaspace       used 54703K, committed 55232K, reserved 1114112K
  class space    used 7328K, committed 7552K, reserved 1048576K
}
Event: 9.470 GC heap before
{Heap before GC invocations=15 (full 0):
 garbage-first heap   total 86016K, used 64220K [0x0000000703600000, 0x0000000800000000)
  region size 2048K, 18 young (36864K), 2 survivors (4096K)
 Metaspace       used 59192K, committed 59776K, reserved 1114112K
  class space    used 7878K, committed 8128K, reserved 1048576K
}
Event: 9.473 GC heap after
{Heap after GC invocations=16 (full 0):
 garbage-first heap   total 86016K, used 34164K [0x0000000703600000, 0x0000000800000000)
  region size 2048K, 3 young (6144K), 3 survivors (6144K)
 Metaspace       used 59192K, committed 59776K, reserved 1114112K
  class space    used 7878K, committed 8128K, reserved 1048576K
}
Event: 9.500 GC heap before
{Heap before GC invocations=16 (full 0):
 garbage-first heap   total 86016K, used 34164K [0x0000000703600000, 0x0000000800000000)
  region size 2048K, 4 young (8192K), 3 survivors (6144K)
 Metaspace       used 59860K, committed 60288K, reserved 1114112K
  class space    used 7940K, committed 8128K, reserved 1048576K
}
Event: 9.502 GC heap after
{Heap after GC invocations=17 (full 0):
 garbage-first heap   total 86016K, used 34624K [0x0000000703600000, 0x0000000800000000)
  region size 2048K, 2 young (4096K), 2 survivors (4096K)
 Metaspace       used 59860K, committed 60288K, reserved 1114112K
  class space    used 7940K, committed 8128K, reserved 1048576K
}
Event: 11.800 GC heap before
{Heap before GC invocations=18 (full 0):
 garbage-first heap   total 86016K, used 65344K [0x0000000703600000, 0x0000000800000000)
  region size 2048K, 17 young (34816K), 2 survivors (4096K)
 Metaspace       used 65781K, committed 66368K, reserved 1114112K
  class space    used 8733K, committed 9024K, reserved 1048576K
}
Event: 11.803 GC heap after
{Heap after GC invocations=19 (full 0):
 garbage-first heap   total 86016K, used 36918K [0x0000000703600000, 0x0000000800000000)
  region size 2048K, 3 young (6144K), 3 survivors (6144K)
 Metaspace       used 65781K, committed 66368K, reserved 1114112K
  class space    used 8733K, committed 9024K, reserved 1048576K
}
Event: 12.080 GC heap before
{Heap before GC invocations=19 (full 0):
 garbage-first heap   total 86016K, used 65590K [0x0000000703600000, 0x0000000800000000)
  region size 2048K, 17 young (34816K), 3 survivors (6144K)
 Metaspace       used 69364K, committed 69952K, reserved 1114112K
  class space    used 9458K, committed 9728K, reserved 1048576K
}
Event: 12.083 GC heap after
{Heap after GC invocations=20 (full 0):
 garbage-first heap   total 86016K, used 38204K [0x0000000703600000, 0x0000000800000000)
  region size 2048K, 3 young (6144K), 3 survivors (6144K)
 Metaspace       used 69364K, committed 69952K, reserved 1114112K
  class space    used 9458K, committed 9728K, reserved 1048576K
}
Event: 12.319 GC heap before
{Heap before GC invocations=20 (full 0):
 garbage-first heap   total 86016K, used 64828K [0x0000000703600000, 0x0000000800000000)
  region size 2048K, 16 young (32768K), 3 survivors (6144K)
 Metaspace       used 72912K, committed 73472K, reserved 1114112K
  class space    used 10051K, committed 10304K, reserved 1048576K
}

Deoptimization events (20 events):
Event: 12.317 Thread 0x0000016da717b100 DEOPT PACKING pc=0x0000016da787c25c sp=0x0000003a985fcca0
Event: 12.317 Thread 0x0000016da717b100 DEOPT UNPACKING pc=0x0000016da73566e3 sp=0x0000003a985fc190 mode 1
Event: 12.317 Thread 0x0000016da717b100 DEOPT PACKING pc=0x0000016da7808664 sp=0x0000003a985fc1c0
Event: 12.317 Thread 0x0000016da717b100 DEOPT UNPACKING pc=0x0000016da73566e3 sp=0x0000003a985fb658 mode 1
Event: 12.317 Thread 0x0000016da717b100 DEOPT PACKING pc=0x0000016da7805b7c sp=0x0000003a985fc290
Event: 12.317 Thread 0x0000016da717b100 DEOPT UNPACKING pc=0x0000016da73566e3 sp=0x0000003a985fb748 mode 1
Event: 12.317 Thread 0x0000016da717b100 DEOPT PACKING pc=0x0000016da787c25c sp=0x0000003a985fcca0
Event: 12.317 Thread 0x0000016da717b100 DEOPT UNPACKING pc=0x0000016da73566e3 sp=0x0000003a985fc190 mode 1
Event: 12.318 Thread 0x0000016da717b100 DEOPT PACKING pc=0x0000016da7808664 sp=0x0000003a985fc560
Event: 12.318 Thread 0x0000016da717b100 DEOPT UNPACKING pc=0x0000016da73566e3 sp=0x0000003a985fb9f8 mode 1
Event: 12.318 Thread 0x0000016da717b100 DEOPT PACKING pc=0x0000016da7805b7c sp=0x0000003a985fc630
Event: 12.318 Thread 0x0000016da717b100 DEOPT UNPACKING pc=0x0000016da73566e3 sp=0x0000003a985fbae8 mode 1
Event: 12.318 Thread 0x0000016da717b100 DEOPT PACKING pc=0x0000016da787c25c sp=0x0000003a985fd040
Event: 12.318 Thread 0x0000016da717b100 DEOPT UNPACKING pc=0x0000016da73566e3 sp=0x0000003a985fc530 mode 1
Event: 12.318 Thread 0x0000016da717b100 DEOPT PACKING pc=0x0000016da7808664 sp=0x0000003a985fc560
Event: 12.318 Thread 0x0000016da717b100 DEOPT UNPACKING pc=0x0000016da73566e3 sp=0x0000003a985fb9f8 mode 1
Event: 12.318 Thread 0x0000016da717b100 DEOPT PACKING pc=0x0000016da7805b7c sp=0x0000003a985fc630
Event: 12.318 Thread 0x0000016da717b100 DEOPT UNPACKING pc=0x0000016da73566e3 sp=0x0000003a985fbae8 mode 1
Event: 12.318 Thread 0x0000016da717b100 DEOPT PACKING pc=0x0000016da787c25c sp=0x0000003a985fd040
Event: 12.318 Thread 0x0000016da717b100 DEOPT UNPACKING pc=0x0000016da73566e3 sp=0x0000003a985fc530 mode 1

Classes unloaded (0 events):
No events

Classes redefined (1 events):
Event: 0.845 Thread 0x0000016db6c3da10 redefined class name=java.lang.Throwable, count=1

Internal exceptions (20 events):
Event: 7.154 Thread 0x0000016da717b100 Exception <a 'java/lang/ClassNotFoundException'{0x0000000707c9f578}: liquibase/change/core/SQLFileChangeCustomizer> (0x0000000707c9f578) 
thrown [s\open\src\hotspot\share\classfile\systemDictionary.cpp, line 256]
Event: 7.155 Thread 0x0000016da717b100 Exception <a 'java/lang/ClassNotFoundException'{0x0000000707cc98c8}: liquibase/change/core/SetColumnRemarksChangeBeanInfo> (0x0000000707cc98c8) 
thrown [s\open\src\hotspot\share\classfile\systemDictionary.cpp, line 256]
Event: 7.155 Thread 0x0000016da717b100 Exception <a 'java/lang/ClassNotFoundException'{0x0000000707cd3fd0}: liquibase/change/core/SetColumnRemarksChangeCustomizer> (0x0000000707cd3fd0) 
thrown [s\open\src\hotspot\share\classfile\systemDictionary.cpp, line 256]
Event: 7.155 Thread 0x0000016da717b100 Exception <a 'java/lang/ClassNotFoundException'{0x0000000707cf92a8}: liquibase/change/core/SetTableRemarksChangeBeanInfo> (0x0000000707cf92a8) 
thrown [s\open\src\hotspot\share\classfile\systemDictionary.cpp, line 256]
Event: 7.156 Thread 0x0000016da717b100 Exception <a 'java/lang/ClassNotFoundException'{0x0000000707d03780}: liquibase/change/core/SetTableRemarksChangeCustomizer> (0x0000000707d03780) 
thrown [s\open\src\hotspot\share\classfile\systemDictionary.cpp, line 256]
Event: 7.156 Thread 0x0000016da717b100 Exception <a 'java/lang/ClassNotFoundException'{0x0000000707d21398}: liquibase/change/core/StopChangeBeanInfo> (0x0000000707d21398) 
thrown [s\open\src\hotspot\share\classfile\systemDictionary.cpp, line 256]
Event: 7.156 Thread 0x0000016da717b100 Exception <a 'java/lang/ClassNotFoundException'{0x0000000707d2b218}: liquibase/change/core/StopChangeCustomizer> (0x0000000707d2b218) 
thrown [s\open\src\hotspot\share\classfile\systemDictionary.cpp, line 256]
Event: 7.157 Thread 0x0000016da717b100 Exception <a 'java/lang/ClassNotFoundException'{0x0000000707d42400}: liquibase/change/core/TagDatabaseChangeBeanInfo> (0x0000000707d42400) 
thrown [s\open\src\hotspot\share\classfile\systemDictionary.cpp, line 256]
Event: 7.157 Thread 0x0000016da717b100 Exception <a 'java/lang/ClassNotFoundException'{0x0000000707d4c878}: liquibase/change/core/TagDatabaseChangeCustomizer> (0x0000000707d4c878) 
thrown [s\open\src\hotspot\share\classfile\systemDictionary.cpp, line 256]
Event: 7.157 Thread 0x0000016da717b100 Exception <a 'java/lang/ClassNotFoundException'{0x0000000707d66740}: liquibase/change/core/UpdateDataChangeBeanInfo> (0x0000000707d66740) 
thrown [s\open\src\hotspot\share\classfile\systemDictionary.cpp, line 256]
Event: 7.157 Thread 0x0000016da717b100 Exception <a 'java/lang/ClassNotFoundException'{0x0000000707d70b50}: liquibase/change/core/UpdateDataChangeCustomizer> (0x0000000707d70b50) 
thrown [s\open\src\hotspot\share\classfile\systemDictionary.cpp, line 256]
Event: 7.158 Thread 0x0000016da717b100 Exception <a 'java/lang/ClassNotFoundException'{0x0000000707d8eb18}: liquibase/change/custom/CustomChangeWrapperBeanInfo> (0x0000000707d8eb18) 
thrown [s\open\src\hotspot\share\classfile\systemDictionary.cpp, line 256]
Event: 7.158 Thread 0x0000016da717b100 Exception <a 'java/lang/ClassNotFoundException'{0x0000000707d98ff0}: liquibase/change/custom/CustomChangeWrapperCustomizer> (0x0000000707d98ff0) 
thrown [s\open\src\hotspot\share\classfile\systemDictionary.cpp, line 256]
Event: 9.318 Thread 0x0000016d80e72f70 Exception <a 'sun/net/ConnectionResetException'{0x00000007075df9b0}: Connection reset> (0x00000007075df9b0) 
thrown [s\open\src\hotspot\share\prims\jni.cpp, line 535]
Event: 9.374 Thread 0x0000016da717b100 Exception <a 'java/lang/NoSuchMethodError'{0x0000000706e22298}: 'int java.lang.invoke.DirectMethodHandle$Holder.invokeStatic(java.lang.Object, int, java.lang.Object)'> (0x0000000706e22298) 
thrown [s\open\src\hotspot\share\interpreter\linkResolver.cpp, line 759]
Event: 9.381 Thread 0x0000016da717b100 Exception <a 'java/lang/NoSuchMethodError'{0x0000000706e8c838}: 'void java.lang.invoke.DirectMethodHandle$Holder.invokeStatic(java.lang.Object, int)'> (0x0000000706e8c838) 
thrown [s\open\src\hotspot\share\interpreter\linkResolver.cpp, line 759]
Event: 9.381 Thread 0x0000016da717b100 Exception <a 'java/lang/NoSuchMethodError'{0x0000000706e90208}: 'void java.lang.invoke.DirectMethodHandle$Holder.invokeStaticInit(java.lang.Object, int)'> (0x0000000706e90208) 
thrown [s\open\src\hotspot\share\interpreter\linkResolver.cpp, line 759]
Event: 9.452 Thread 0x0000016da717b100 Exception <a 'sun/nio/fs/WindowsException'{0x0000000706b978b8}> (0x0000000706b978b8) 
thrown [s\open\src\hotspot\share\prims\jni.cpp, line 516]
Event: 10.528 Thread 0x0000016d80e72f70 Exception <a 'sun/net/ConnectionResetException'{0x00000007132962a8}: Connection reset> (0x00000007132962a8) 
thrown [s\open\src\hotspot\share\prims\jni.cpp, line 535]
Event: 11.630 Thread 0x0000016da717b100 Exception <a 'sun/nio/fs/WindowsException'{0x00000007076fd968}> (0x00000007076fd968) 
thrown [s\open\src\hotspot\share\prims\jni.cpp, line 516]

VM Operations (20 events):
Event: 9.474 Executing VM operation: G1CollectForAllocation done
Event: 9.500 Executing VM operation: CollectForMetadataAllocation
Event: 9.502 Executing VM operation: CollectForMetadataAllocation done
Event: 9.522 Executing VM operation: G1Concurrent
Event: 10.528 Executing VM operation: G1Concurrent done
Event: 10.536 Executing VM operation: G1Concurrent
Event: 10.536 Executing VM operation: G1Concurrent done
Event: 10.568 Executing VM operation: HandshakeAllThreads
Event: 10.568 Executing VM operation: HandshakeAllThreads done
Event: 11.571 Executing VM operation: Cleanup
Event: 11.571 Executing VM operation: Cleanup done
Event: 11.587 Executing VM operation: HandshakeAllThreads
Event: 11.587 Executing VM operation: HandshakeAllThreads done
Event: 11.588 Executing VM operation: HandshakeAllThreads
Event: 11.588 Executing VM operation: HandshakeAllThreads done
Event: 11.800 Executing VM operation: G1CollectForAllocation
Event: 11.803 Executing VM operation: G1CollectForAllocation done
Event: 12.080 Executing VM operation: G1CollectForAllocation
Event: 12.083 Executing VM operation: G1CollectForAllocation done
Event: 12.319 Executing VM operation: G1CollectForAllocation

Events (20 events):
Event: 12.317 loading class org/hibernate/engine/jdbc/env/internal/LobCreationLogging_$logger_en_US
Event: 12.317 loading class org/hibernate/engine/jdbc/env/internal/LobCreationLogging_$logger_en_US done
Event: 12.317 loading class org/hibernate/engine/jdbc/env/internal/LobCreationLogging_$logger_en
Event: 12.317 loading class org/hibernate/engine/jdbc/env/internal/LobCreationLogging_$logger_en done
Event: 12.317 loading class org/hibernate/engine/jdbc/env/internal/LobCreationLogging_$logger
Event: 12.317 loading class org/hibernate/engine/jdbc/env/internal/LobCreationLogging_$logger done
Event: 12.317 loading class java/sql/Statement
Event: 12.317 loading class java/sql/Statement done
Event: 12.317 loading class java/sql/Statement
Event: 12.317 loading class java/sql/Statement done
Event: 12.318 loading class org/hibernate/resource/jdbc/internal/LogicalConnectionLogging
Event: 12.318 loading class org/hibernate/resource/jdbc/internal/LogicalConnectionLogging done
Event: 12.318 loading class org/hibernate/resource/jdbc/internal/LogicalConnectionLogging_$logger_en_US
Event: 12.318 loading class org/hibernate/resource/jdbc/internal/LogicalConnectionLogging_$logger_en_US done
Event: 12.318 loading class org/hibernate/resource/jdbc/internal/LogicalConnectionLogging_$logger_en
Event: 12.318 loading class org/hibernate/resource/jdbc/internal/LogicalConnectionLogging_$logger_en done
Event: 12.318 loading class org/hibernate/resource/jdbc/internal/LogicalConnectionLogging_$logger
Event: 12.318 loading class org/hibernate/resource/jdbc/internal/LogicalConnectionLogging_$logger done
Event: 12.319 loading class org/hibernate/engine/jdbc/connections/internal/DataSourceConnectionProvider$1
Event: 12.319 loading class org/hibernate/engine/jdbc/connections/internal/DataSourceConnectionProvider$1 done


Dynamic libraries:
0x00007ff758f50000 - 0x00007ff758f60000 	C:\Program Files\Java\jdk-17\bin\java.exe
0x00007ffcac680000 - 0x00007ffcac8e8000 	C:\WINDOWS\SYSTEM32\ntdll.dll
0x00007ffcaab40000 - 0x00007ffcaac09000 	C:\WINDOWS\System32\KERNEL32.DLL
0x00007ffcaa020000 - 0x00007ffcaa411000 	C:\WINDOWS\System32\KERNELBASE.dll
0x00007ffca9170000 - 0x00007ffca92bb000 	C:\WINDOWS\System32\ucrtbase.dll
0x00007ffc7a4d0000 - 0x00007ffc7a4eb000 	C:\Program Files\Java\jdk-17\bin\VCRUNTIME140.dll
0x00007ffc97e20000 - 0x00007ffc97e39000 	C:\Program Files\Java\jdk-17\bin\jli.dll
0x00007ffcaa5f0000 - 0x00007ffcaa6a4000 	C:\WINDOWS\System32\ADVAPI32.dll
0x00007ffcabe00000 - 0x00007ffcabea9000 	C:\WINDOWS\System32\msvcrt.dll
0x00007ffcabbe0000 - 0x00007ffcabc86000 	C:\WINDOWS\System32\sechost.dll
0x00007ffcac080000 - 0x00007ffcac198000 	C:\WINDOWS\System32\RPCRT4.dll
0x00007ffcaa420000 - 0x00007ffcaa5e6000 	C:\WINDOWS\System32\USER32.dll
0x00007ffca8f60000 - 0x00007ffca8f87000 	C:\WINDOWS\System32\win32u.dll
0x00007ffcabf80000 - 0x00007ffcabfab000 	C:\WINDOWS\System32\GDI32.dll
0x00007ffca9040000 - 0x00007ffca916b000 	C:\WINDOWS\System32\gdi32full.dll
0x00007ffca9d40000 - 0x00007ffca9de3000 	C:\WINDOWS\System32\msvcp_win.dll
0x00007ffc8f6e0000 - 0x00007ffc8f973000 	C:\WINDOWS\WinSxS\amd64_microsoft.windows.common-controls_6595b64144ccf1df_6.0.26100.7705_none_3e06597ae3363b04\COMCTL32.dll
0x00007ffca1630000 - 0x00007ffca163b000 	C:\WINDOWS\SYSTEM32\VERSION.dll
0x00007ffcabeb0000 - 0x00007ffcabee1000 	C:\WINDOWS\System32\IMM32.DLL
0x00007ffca0530000 - 0x00007ffca053c000 	C:\Program Files\Java\jdk-17\bin\vcruntime140_1.dll
0x00007ffc271f0000 - 0x00007ffc2727e000 	C:\Program Files\Java\jdk-17\bin\msvcp140.dll
0x00007ffba79b0000 - 0x00007ffba8590000 	C:\Program Files\Java\jdk-17\bin\server\jvm.dll
0x00007ffcac530000 - 0x00007ffcac538000 	C:\WINDOWS\System32\PSAPI.DLL
0x00007ffc7c060000 - 0x00007ffc7c06a000 	C:\WINDOWS\SYSTEM32\WSOCK32.dll
0x00007ffcaa9d0000 - 0x00007ffcaaa44000 	C:\WINDOWS\System32\WS2_32.dll
0x00007ffc8e4b0000 - 0x00007ffc8e4e5000 	C:\WINDOWS\SYSTEM32\WINMM.dll
0x00007ffca7cd0000 - 0x00007ffca7ceb000 	C:\WINDOWS\SYSTEM32\kernel.appcore.dll
0x00007ffc7f3b0000 - 0x00007ffc7f3ba000 	C:\Program Files\Java\jdk-17\bin\jimage.dll
0x00007ffca6eb0000 - 0x00007ffca70f2000 	C:\WINDOWS\SYSTEM32\DBGHELP.DLL
0x00007ffcac1a0000 - 0x00007ffcac526000 	C:\WINDOWS\System32\combase.dll
0x00007ffcaa850000 - 0x00007ffcaa927000 	C:\WINDOWS\System32\OLEAUT32.dll
0x00007ffc8b6a0000 - 0x00007ffc8b6db000 	C:\WINDOWS\SYSTEM32\dbgcore.DLL
0x00007ffca8f90000 - 0x00007ffca9035000 	C:\WINDOWS\System32\bcryptPrimitives.dll
0x00007ffc42d20000 - 0x00007ffc42d5b000 	C:\Program Files\Java\jdk-17\bin\jdwp.dll
0x00007ffc3b520000 - 0x00007ffc3b72e000 	C:\Users\Admin\AppData\Local\Temp\idea_libasyncProfiler_dll_temp_folder\libasyncProfiler.dll
0x00007ffc77c30000 - 0x00007ffc77c3e000 	C:\Program Files\Java\jdk-17\bin\instrument.dll
0x00007ffc78200000 - 0x00007ffc78225000 	C:\Program Files\Java\jdk-17\bin\java.dll
0x00007ffc78680000 - 0x00007ffc78698000 	C:\Program Files\Java\jdk-17\bin\zip.dll
0x00007ffbb9970000 - 0x00007ffbb9a47000 	C:\Program Files\Java\jdk-17\bin\jsvml.dll
0x00007ffcab480000 - 0x00007ffcabbd1000 	C:\WINDOWS\System32\SHELL32.dll
0x00007ffca9eb0000 - 0x00007ffcaa01a000 	C:\WINDOWS\System32\wintypes.dll
0x00007ffca9350000 - 0x00007ffca9bb2000 	C:\WINDOWS\System32\windows.storage.dll
0x00007ffcac540000 - 0x00007ffcac636000 	C:\WINDOWS\System32\SHCORE.dll
0x00007ffcaa6b0000 - 0x00007ffcaa717000 	C:\WINDOWS\System32\shlwapi.dll
0x00007ffca8e80000 - 0x00007ffca8ea9000 	C:\WINDOWS\SYSTEM32\profapi.dll
0x00007ffc96310000 - 0x00007ffc9631c000 	C:\Program Files\Java\jdk-17\bin\dt_socket.dll
0x00007ffca76d0000 - 0x00007ffca7704000 	C:\WINDOWS\SYSTEM32\IPHLPAPI.DLL
0x00007ffca8220000 - 0x00007ffca828b000 	C:\WINDOWS\system32\mswsock.dll
0x00007ffc7a3e0000 - 0x00007ffc7a3f9000 	C:\Program Files\Java\jdk-17\bin\net.dll
0x00007ffca2dc0000 - 0x00007ffca2ee7000 	C:\WINDOWS\SYSTEM32\WINHTTP.dll
0x00007ffc7a3b0000 - 0x00007ffc7a3c6000 	C:\Program Files\Java\jdk-17\bin\nio.dll
0x00007ffca7710000 - 0x00007ffca783c000 	C:\WINDOWS\SYSTEM32\DNSAPI.dll
0x00007ffcaa9c0000 - 0x00007ffcaa9ca000 	C:\WINDOWS\System32\NSI.dll
0x00007ffca2b30000 - 0x00007ffca2b3b000 	C:\Windows\System32\rasadhlp.dll
0x00007ffca3420000 - 0x00007ffca34a6000 	C:\WINDOWS\System32\fwpuclnt.dll
0x00007ffc7a430000 - 0x00007ffc7a43a000 	C:\Program Files\Java\jdk-17\bin\management.dll
0x00007ffc78410000 - 0x00007ffc7841b000 	C:\Program Files\Java\jdk-17\bin\management_ext.dll
0x00007ffca8610000 - 0x00007ffca862b000 	C:\WINDOWS\SYSTEM32\CRYPTSP.dll
0x00007ffca7c30000 - 0x00007ffca7c69000 	C:\WINDOWS\system32\rsaenh.dll
0x00007ffca82d0000 - 0x00007ffca82fb000 	C:\WINDOWS\SYSTEM32\USERENV.dll
0x00007ffca8e50000 - 0x00007ffca8e7a000 	C:\WINDOWS\SYSTEM32\bcrypt.dll
0x00007ffca8470000 - 0x00007ffca847c000 	C:\WINDOWS\SYSTEM32\CRYPTBASE.dll
0x00007ffca3130000 - 0x00007ffca314e000 	C:\WINDOWS\SYSTEM32\dhcpcsvc6.DLL
0x00007ffca3030000 - 0x00007ffca3053000 	C:\WINDOWS\SYSTEM32\dhcpcsvc.DLL
0x00007ffc88bb0000 - 0x00007ffc88bc8000 	C:\WINDOWS\system32\napinsp.dll
0x00007ffc88b90000 - 0x00007ffc88ba2000 	C:\WINDOWS\System32\winrnr.dll
0x00007ffc88f00000 - 0x00007ffc88f22000 	C:\WINDOWS\system32\nlansp_c.dll
0x00007ffc9f750000 - 0x00007ffc9f766000 	C:\WINDOWS\system32\wshbth.dll
0x00007ffc77c20000 - 0x00007ffc77c2e000 	C:\Program Files\Java\jdk-17\bin\sunmscapi.dll
0x00007ffca9bc0000 - 0x00007ffca9d37000 	C:\WINDOWS\System32\CRYPT32.dll
0x00007ffca8760000 - 0x00007ffca8790000 	C:\WINDOWS\SYSTEM32\ncrypt.dll
0x00007ffca8710000 - 0x00007ffca874f000 	C:\WINDOWS\SYSTEM32\NTASN1.dll

dbghelp: loaded successfully - version: 4.0.5 - missing functions: none
symbol engine: initialized successfully - sym options: 0x614 - pdb path: .;C:\Program Files\Java\jdk-17\bin;C:\WINDOWS\SYSTEM32;C:\WINDOWS\WinSxS\amd64_microsoft.windows.common-controls_6595b64144ccf1df_6.0.26100.7705_none_3e06597ae3363b04;C:\Program Files\Java\jdk-17\bin\server;C:\Users\Admin\AppData\Local\Temp\idea_libasyncProfiler_dll_temp_folder

VM Arguments:
jvm_args: -agentlib:jdwp=transport=dt_socket,address=127.0.0.1:62449,suspend=y,server=n -agentpath:C:\Users\Admin\AppData\Local\Temp\idea_libasyncProfiler_dll_temp_folder\libasyncProfiler.dll=version,jfr,event=wall,interval=10ms,cstack=no,file=C:\Users\Admin\IdeaSnapshots\TasklistApplication_2026_02_13_174210.jfr,dbghelppath=C:\Users\Admin\AppData\Local\Temp\idea_dbghelp_dll_temp_folder\dbghelp.dll,log=C:\Users\Admin\AppData\Local\Temp\TasklistApplication_2026_02_13_174210.jfr.log.txt,logLevel=DEBUG -XX:TieredStopAtLevel=1 -Dspring.output.ansi.enabled=always -Dcom.sun.management.jmxremote -Dspring.jmx.enabled=true -Dspring.liveBeansView.mbeanDomain -Dspring.application.admin.enabled=true -Dmanagement.endpoints.jmx.exposure.include=* -javaagent:C:\Users\Admin\AppData\Local\JetBrains\IntelliJIdea2024.3\captureAgent\debugger-agent.jar -Dkotlinx.coroutines.debug.enable.creation.stack.trace=false -Ddebugger.agent.enable.coroutines=true -Dkotlinx.coroutines.debug.enable.flows.stack.trace=true -Dkotlinx.coroutines.debug.enable.mutable.state.flows.stack.trace=true -Dfile.encoding=UTF-8 
java_command: com.programmingtechie.tasklist.TasklistApplication
java_class_path (initial): D:\tasklist\build\classes\java\main;D:\tasklist\build\resources\main;C:\Users\Admin\.gradle\caches\modules-2\files-2.1\org.projectlombok\lombok\1.18.42\8365263844ebb62398e0dc33057ba10ba472d3b8\lombok-1.18.42.jar;C:\Users\Admin\.gradle\caches\modules-2\files-2.1\org.mapstruct\mapstruct-processor\1.6.3\52e345c907fbf173b376586c7f8b131d53fa5867\mapstruct-processor-1.6.3.jar;C:\Users\Admin\.gradle\caches\modules-2\files-2.1\org.springframework.boot\spring-boot-configuration-processor\4.0.2\5ff5e4fb5a9666b756a3111a41b194fe4f3793f2\spring-boot-configuration-processor-4.0.2.jar;C:\Users\Admin\.gradle\caches\modules-2\files-2.1\org.springframework.boot\spring-boot-starter-data-jdbc\4.0.2\25f60d2b6e43484ec94f9a0fb70f64eb23b056ea\spring-boot-starter-data-jdbc-4.0.2.jar;C:\Users\Admin\.gradle\caches\modules-2\files-2.1\org.springframework.boot\spring-boot-starter-data-jpa\4.0.2\9a0d38da3839a394509639490e6b9a359bfafdd6\spring-boot-starter-data-jpa-4.0.2.jar;C:\Users\Admin\.gradle\caches\modules-2\files-2.1\org.springframework.boot\spring-boot-starter-webmvc\4.0.2\90563663cdd252544fd7a8139d1c853740d8e61c\spring-boot-starter-webmvc-4.0.2.jar;C:\Users\Admin\.gradle\caches\modules-2\files-2.1\org.springframework.boot\spring-boot-starter-data-redis\4.0.2\20f98c2c5ee7bcf1e4ad0bad6e8055902ab6d2f4\spring-boot-starter-data-redis-4.0.2.jar;C:\Users\Admin\.gradle\caches\modules-2\files-2.1\org.springframework.boot\spring-boot-starter-cache\4.0.2\8bf39d187e5ec1dd5fd317eb9be34aee01beefb3\spring-boot-starter-cache-4.0.2.jar;C:\Users\Admin\.gradle\caches\modules-2\files-2.1\org.mapstruct\mapstruct\1.6.3\416a2155212286d6a1c4cb3bb553c7dfd6a1a092\mapstruct-1.6.3.jar;C:\Users\Admin\.gradle\caches\modules-2\files-2.1\org.springdoc\springdoc-openapi-starter-webmvc-ui\3.0.1\c522542c0ac67ab9d23ceb14b6503544ef9bb9c0\springdoc-openapi-starter-webmvc-ui-3.0.1.jar;C:\Users\Admin\.gradle\caches\modules-2\files-2.1\net.lbruun.springboot\preliquibase-spring-boot-starter\2.0.0\904
Launcher Type: SUN_STANDARD

[Global flags]
     intx CICompilerCount                          = 4                                         {product} {ergonomic}
     uint ConcGCThreads                            = 2                                         {product} {ergonomic}
     uint G1ConcRefinementThreads                  = 8                                         {product} {ergonomic}
   size_t G1HeapRegionSize                         = 2097152                                   {product} {ergonomic}
    uintx GCDrainStackTargetSize                   = 64                                        {product} {ergonomic}
   size_t InitialHeapSize                          = 266338304                                 {product} {ergonomic}
     bool ManagementServer                         = true                                      {product} {command line}
   size_t MarkStackSize                            = 4194304                                   {product} {ergonomic}
   size_t MaxHeapSize                              = 4238344192                                {product} {ergonomic}
   size_t MaxNewSize                               = 2541748224                                {product} {ergonomic}
   size_t MinHeapDeltaBytes                        = 2097152                                   {product} {ergonomic}
   size_t MinHeapSize                              = 8388608                                   {product} {ergonomic}
    uintx NonProfiledCodeHeapSize                  = 0                                      {pd product} {ergonomic}
     bool ProfileInterpreter                       = false                                  {pd product} {command line}
    uintx ProfiledCodeHeapSize                     = 0                                      {pd product} {ergonomic}
   size_t SoftMaxHeapSize                          = 4238344192                             {manageable} {ergonomic}
     intx TieredStopAtLevel                        = 1                                         {product} {command line}
     bool UseCompressedClassPointers               = true                           {product lp64_product} {ergonomic}
     bool UseCompressedOops                        = true                           {product lp64_product} {ergonomic}
     bool UseG1GC                                  = true                                      {product} {ergonomic}
     bool UseLargePagesIndividualAllocation        = false                                  {pd product} {ergonomic}

Logging:
Log output configuration:
 #0: stdout all=warning uptime,level,tags
 #1: stderr all=off uptime,level,tags

Environment Variables:
PATH=C:\Program Files\Common Files\Oracle\Java\javapath;C:\Program Files (x86)\VMware\VMware Workstation\bin\;C:\WINDOWS\system32;C:\WINDOWS;C:\WINDOWS\System32\Wbem;C:\WINDOWS\System32\WindowsPowerShell\v1.0\;C:\WINDOWS\System32\OpenSSH\;C:\Program Files\Microsoft SQL Server\Client SDK\ODBC\170\Tools\Binn\;C:\Program Files\Git\cmd;C:\Program Files\Azure Data Studio\bin;C:\Program Files (x86)\Microsoft SQL Server\160\Tools\Binn\;C:\Program Files\Microsoft SQL Server\160\Tools\Binn\;C:\Program Files\Microsoft SQL Server\160\DTS\Binn\;C:\Program Files\Microsoft SQL Server\130\Tools\Binn\;C:\Program Files\dotnet\;C:\Program Files\nodejs\;C:\Program Files\Go\bin;C:\apache-maven-3.9.9\bin;C:\Program Files (x86)\Microsoft SQL Server\160\DTS\Binn\;C:\Program Files\Microsoft SQL Server\150\Tools\Binn\;C:\Program Files\Docker\Docker\resources\bin;C:\Users\Admin\AppData\Local\Programs\Python\Python311\Scripts\;C:\Users\Admin\AppData\Local\Programs\Python\Python311\;C:\Users\Admin\AppData\Local\Microsoft\WindowsApps;C:\Users\Admin\AppData\Local\Programs\Microsoft VS Code\bin;C:\Users\Admin\.dotnet\tools;C:\Users\Admin\AppData\Local\JetBrains\Toolbox\scripts;;C:\Program Files\Azure Data Studio\bin;C:\Users\Admin\AppData\Local\Microsoft\WindowsApps;C:\Users\Admin\AppData\Roaming\npm;C:\Users\Admin\go\bin;C:\Users\Admin\.dotnet\tools;C:\Program Files\liquibase-secure
USERNAME=Admin
OS=Windows_NT
PROCESSOR_IDENTIFIER=Intel64 Family 6 Model 140 Stepping 1, GenuineIntel



---------------  S Y S T E M  ---------------

OS:
 Windows 11 , 64 bit Build 26100 (10.0.26100.7705)
OS uptime: 8 days 19:50 hours
Hyper-V role detected

CPU: total 8 (initial active 8) (4 cores per cpu, 2 threads per core) family 6 model 140 stepping 1 microcode 0x9a, cx8, cmov, fxsr, ht, mmx, 3dnowpref, sse, sse2, sse3, ssse3, sse4.1, sse4.2, popcnt, lzcnt, tsc, tscinvbit, avx, avx2, aes, erms, clmul, bmi1, bmi2, adx, avx512f, avx512dq, avx512cd, avx512bw, avx512vl, sha, fma, vzeroupper, avx512_vpopcntdq, avx512_vpclmulqdq, avx512_vaes, avx512_vnni, clflush, clflushopt, clwb, avx512_vbmi2, avx512_vbmi, hv

Memory: 4k page, system-wide physical 16167M (428M free)
TotalPageFile size 38667M (AvailPageFile size 9M)
current process WorkingSet (physical memory assigned to process): 309M, peak: 309M
current process commit charge ("private bytes"): 359M, peak: 410M

vm_info: Java HotSpot(TM) 64-Bit Server VM (17.0.12+8-LTS-286) for windows-amd64 JRE (17.0.12+8-LTS-286), built on Jun  5 2024 06:46:59 by "mach5one" with MS VC++ 17.6 (VS2022)

END.
