#
# There is insufficient memory for the Java Runtime Environment to continue.
# Native memory allocation (malloc) failed to allocate 34720 bytes for Chunk::new
# Possible reasons:
#   The system is out of physical RAM or swap space
#   The process is running with CompressedOops enabled, and the Java Heap may be blocking the growth of the native heap
# Possible solutions:
#   Reduce memory load on the system
#   Increase physical memory or swap space
#   Check if swap backing store is full
#   Decrease Java heap size (-Xmx/-Xms)
#   Decrease number of Java threads
#   Decrease Java thread stack sizes (-Xss)
#   Set larger code cache with -XX:ReservedCodeCacheSize=
#   JVM is running with Zero Based Compressed Oops mode in which the Java heap is
#     placed in the first 32GB address space. The Java Heap base address is the
#     maximum limit for the native heap growth. Please use -XX:HeapBaseMinAddress
#     to set the Java Heap base and to place the Java Heap above 32GB virtual address.
# This output file may be truncated or incomplete.
#
#  Out of Memory Error (arena.cpp:189), pid=25400, tid=11560
#
# JRE version: Java(TM) SE Runtime Environment (17.0.12+8) (build 17.0.12+8-LTS-286)
# Java VM: Java HotSpot(TM) 64-Bit Server VM (17.0.12+8-LTS-286, mixed mode, emulated-client, sharing, tiered, compressed oops, compressed class ptrs, g1 gc, windows-amd64)
# No core dump will be written. Minidumps are not enabled by default on client versions of Windows
#

---------------  S U M M A R Y ------------

Command Line: -agentlib:jdwp=transport=dt_socket,address=127.0.0.1:60419,suspend=y,server=n -agentpath:C:\Users\Admin\AppData\Local\Temp\idea_libasyncProfiler_dll_temp_folder\libasyncProfiler.dll=version,jfr,event=wall,interval=10ms,cstack=no,file=C:\Users\Admin\IdeaSnapshots\TasklistApplication_2026_02_13_174017.jfr,dbghelppath=C:\Users\Admin\AppData\Local\Temp\idea_dbghelp_dll_temp_folder\dbghelp.dll,log=C:\Users\Admin\AppData\Local\Temp\TasklistApplication_2026_02_13_174017.jfr.log.txt,logLevel=DEBUG -XX:TieredStopAtLevel=1 -Dspring.output.ansi.enabled=always -Dcom.sun.management.jmxremote -Dspring.jmx.enabled=true -Dspring.liveBeansView.mbeanDomain -Dspring.application.admin.enabled=true -Dmanagement.endpoints.jmx.exposure.include=* -javaagent:C:\Users\Admin\AppData\Local\JetBrains\IntelliJIdea2024.3\captureAgent\debugger-agent.jar -Dkotlinx.coroutines.debug.enable.creation.stack.trace=false -Ddebugger.agent.enable.coroutines=true -Dkotlinx.coroutines.debug.enable.flows.stack.trace=true -Dkotlinx.coroutines.debug.enable.mutable.state.flows.stack.trace=true -Dfile.encoding=UTF-8 com.programmingtechie.tasklist.TasklistApplication

Host: 11th Gen Intel(R) Core(TM) i7-1165G7 @ 2.80GHz, 8 cores, 15G,  Windows 11 , 64 bit Build 26100 (10.0.26100.7705)
Time: Fri Feb 13 17:40:35 2026 Azerbaijan Standard Time elapsed time: 18.130100 seconds (0d 0h 0m 18s)

---------------  T H R E A D  ---------------

Current thread (0x000002472fe4e550):  JavaThread "main" [_thread_in_vm, id=11560, stack(0x000000f731f00000,0x000000f732000000)]

Stack: [0x000000f731f00000,0x000000f732000000]
Native frames: (J=compiled Java code, j=interpreted, Vv=VM code, C=native code)
V  [jvm.dll+0x67a04a]
V  [jvm.dll+0x7da4ed]
V  [jvm.dll+0x7dbe33]
V  [jvm.dll+0x7dc4a3]
V  [jvm.dll+0x24508f]
V  [jvm.dll+0xab773]
V  [jvm.dll+0xabd3c]
V  [jvm.dll+0x51c82c]
V  [jvm.dll+0x53f6f1]
V  [jvm.dll+0x7553b8]
V  [jvm.dll+0x7554a4]
V  [jvm.dll+0x40d1af]
V  [jvm.dll+0x413c39]
C  [java.dll+0x17ec]

Java frames: (J=compiled Java code, j=interpreted, Vv=VM code)
J 1273  java.lang.ClassLoader.defineClass1(Ljava/lang/ClassLoader;Ljava/lang/String;[BIILjava/security/ProtectionDomain;Ljava/lang/String;)Ljava/lang/Class; java.base@17.0.12 (0 bytes) @ 0x0000024737f77d63 [0x0000024737f77ca0+0x00000000000000c3]
J 1382 c1 java.lang.ClassLoader.defineClass(Ljava/lang/String;[BIILjava/security/ProtectionDomain;)Ljava/lang/Class; java.base@17.0.12 (43 bytes) @ 0x0000024737fb70a4 [0x0000024737fb6f60+0x0000000000000144]
J 1296 c1 jdk.internal.loader.BuiltinClassLoader.defineClass(Ljava/lang/String;Ljdk/internal/loader/Resource;)Ljava/lang/Class; java.base@17.0.12 (121 bytes) @ 0x0000024737f8a2ac [0x0000024737f89da0+0x000000000000050c]
J 1283 c1 jdk.internal.loader.BuiltinClassLoader.findClassOnClassPathOrNull(Ljava/lang/String;)Ljava/lang/Class; java.base@17.0.12 (64 bytes) @ 0x0000024737f82a9c [0x0000024737f827a0+0x00000000000002fc]
J 744 c1 jdk.internal.loader.BuiltinClassLoader.loadClassOrNull(Ljava/lang/String;Z)Ljava/lang/Class; java.base@17.0.12 (143 bytes) @ 0x0000024737e73f5c [0x0000024737e73a80+0x00000000000004dc]
J 1208 c1 jdk.internal.loader.ClassLoaders$AppClassLoader.loadClass(Ljava/lang/String;Z)Ljava/lang/Class; java.base@17.0.12 (40 bytes) @ 0x0000024737f5853c [0x0000024737f58400+0x000000000000013c]
J 1202 c1 java.lang.ClassLoader.loadClass(Ljava/lang/String;)Ljava/lang/Class; java.base@17.0.12 (7 bytes) @ 0x0000024737f55afc [0x0000024737f55aa0+0x000000000000005c]
v  ~StubRoutines::call_stub
j  net.bytebuddy.utility.dispatcher.JavaDispatcher$DynamicClassLoader.invoker()Lnet/bytebuddy/utility/Invoker;+0
j  net.bytebuddy.utility.dispatcher.JavaDispatcher$InvokerCreationAction.run()Lnet/bytebuddy/utility/Invoker;+0
j  net.bytebuddy.utility.dispatcher.JavaDispatcher$InvokerCreationAction.run()Ljava/lang/Object;+1
J 1153 c1 java.security.AccessController.doPrivileged(Ljava/security/PrivilegedAction;)Ljava/lang/Object; java.base@17.0.12 (9 bytes) @ 0x0000024737f341fc [0x0000024737f341c0+0x000000000000003c]
j  net.bytebuddy.utility.dispatcher.JavaDispatcher.doPrivileged(Ljava/security/PrivilegedAction;)Ljava/lang/Object;+7
j  net.bytebuddy.utility.dispatcher.JavaDispatcher.<clinit>()V+45
v  ~StubRoutines::call_stub
j  net.bytebuddy.description.type.TypeDescription$ForLoadedType.<clinit>()V+6
v  ~StubRoutines::call_stub
j  net.bytebuddy.matcher.ElementMatchers.isFinalizer()Lnet/bytebuddy/matcher/ElementMatcher$Junction;+16
j  org.hibernate.bytecode.internal.bytebuddy.ByteBuddyState$ProxyDefinitionHelpers.<init>()V+49
j  org.hibernate.bytecode.internal.bytebuddy.ByteBuddyState.<init>(Lnet/bytebuddy/ClassFileVersion;)V+9
j  org.hibernate.bytecode.internal.bytebuddy.BytecodeProviderImpl.<init>(Lnet/bytebuddy/ClassFileVersion;)V+10
j  org.hibernate.bytecode.internal.bytebuddy.BytecodeProviderImpl.<init>()V+7
v  ~StubRoutines::call_stub
J 1657  jdk.internal.reflect.NativeConstructorAccessorImpl.newInstance0(Ljava/lang/reflect/Constructor;[Ljava/lang/Object;)Ljava/lang/Object; java.base@17.0.12 (0 bytes) @ 0x000002473803e10e [0x000002473803e0a0+0x000000000000006e]
J 1656 c1 jdk.internal.reflect.NativeConstructorAccessorImpl.newInstance([Ljava/lang/Object;)Ljava/lang/Object; java.base@17.0.12 (122 bytes) @ 0x000002473803e8ec [0x000002473803e600+0x00000000000002ec]
J 1514 c1 jdk.internal.reflect.DelegatingConstructorAccessorImpl.newInstance([Ljava/lang/Object;)Ljava/lang/Object; java.base@17.0.12 (9 bytes) @ 0x0000024737ff1f7c [0x0000024737ff1f20+0x000000000000005c]
J 1500 c1 java.lang.reflect.Constructor.newInstanceWithCaller([Ljava/lang/Object;ZLjava/lang/Class;)Ljava/lang/Object; java.base@17.0.12 (75 bytes) @ 0x0000024737feddc4 [0x0000024737fedce0+0x00000000000000e4]
J 5158 c1 java.util.ServiceLoader$ProviderImpl.newInstance()Ljava/lang/Object; java.base@17.0.12 (134 bytes) @ 0x000002473879c624 [0x000002473879c4c0+0x0000000000000164]
J 5149 c1 java.util.ServiceLoader$3.next()Ljava/lang/Object; java.base@17.0.12 (90 bytes) @ 0x00000247387945fc [0x00000247387944a0+0x000000000000015c]
j  org.hibernate.bytecode.internal.BytecodeProviderInitiator.getBytecodeProvider(Ljava/lang/Iterable;)Lorg/hibernate/bytecode/spi/BytecodeProvider;+25
j  org.hibernate.bytecode.internal.BytecodeProviderInitiator.buildDefaultBytecodeProvider()Lorg/hibernate/bytecode/spi/BytecodeProvider;+10
j  org.hibernate.jpa.internal.enhance.EnhancingClassTransformerImpl.<init>(Lorg/hibernate/bytecode/enhance/spi/EnhancementContext;)V+37
j  org.hibernate.jpa.boot.internal.PersistenceUnitInfoDescriptor.pushClassTransformer(Lorg/hibernate/bytecode/enhance/spi/EnhancementContext;)V+78
j  org.springframework.orm.jpa.vendor.SpringHibernateJpaPersistenceProvider$1.pushClassTransformer(Lorg/hibernate/bytecode/enhance/spi/EnhancementContext;)V+8
j  org.hibernate.jpa.boot.internal.EntityManagerFactoryBuilderImpl.setupEnhancement(Lorg/hibernate/jpa/boot/spi/PersistenceUnitDescriptor;Lorg/hibernate/boot/MetadataSources;)V+91
j  org.hibernate.jpa.boot.internal.EntityManagerFactoryBuilderImpl.<init>(Lorg/hibernate/jpa/boot/spi/PersistenceUnitDescriptor;Ljava/util/Map;Ljava/lang/ClassLoader;Lorg/hibernate/boot/registry/classloading/spi/ClassLoaderService;Ljava/util/function/Consumer;)V+175
j  org.hibernate.jpa.boot.internal.EntityManagerFactoryBuilderImpl.<init>(Lorg/hibernate/jpa/boot/spi/PersistenceUnitDescriptor;Ljava/util/Map;)V+6
j  org.springframework.orm.jpa.vendor.SpringHibernateJpaPersistenceProvider.createContainerEntityManagerFactory(Ljakarta/persistence/spi/PersistenceUnitInfo;Ljava/util/Map;)Ljakarta/persistence/EntityManagerFactory;+56
j  org.springframework.orm.jpa.LocalContainerEntityManagerFactoryBean.createNativeEntityManagerFactory()Ljakarta/persistence/EntityManagerFactory;+111
j  org.springframework.orm.jpa.AbstractEntityManagerFactoryBean.buildNativeEntityManagerFactory()Ljakarta/persistence/EntityManagerFactory;+1
j  org.springframework.orm.jpa.AbstractEntityManagerFactoryBean.afterPropertiesSet()V+192
j  org.springframework.orm.jpa.LocalContainerEntityManagerFactoryBean.afterPropertiesSet()V+238
j  org.springframework.beans.factory.support.AbstractAutowireCapableBeanFactory.invokeInitMethods(Ljava/lang/String;Ljava/lang/Object;Lorg/springframework/beans/factory/support/RootBeanDefinition;)V+56
j  org.springframework.beans.factory.support.AbstractAutowireCapableBeanFactory.initializeBean(Ljava/lang/String;Ljava/lang/Object;Lorg/springframework/beans/factory/support/RootBeanDefinition;)Ljava/lang/Object;+46
j  org.springframework.beans.factory.support.AbstractAutowireCapableBeanFactory.doCreateBean(Ljava/lang/String;Lorg/springframework/beans/factory/support/RootBeanDefinition;[Ljava/lang/Object;)Ljava/lang/Object;+228
j  org.springframework.beans.factory.support.AbstractAutowireCapableBeanFactory.createBean(Ljava/lang/String;Lorg/springframework/beans/factory/support/RootBeanDefinition;[Ljava/lang/Object;)Ljava/lang/Object;+153
j  org.springframework.beans.factory.support.AbstractBeanFactory.lambda$doGetBean$0(Ljava/lang/String;Lorg/springframework/beans/factory/support/RootBeanDefinition;[Ljava/lang/Object;)Ljava/lang/Object;+4
j  org.springframework.beans.factory.support.AbstractBeanFactory$$Lambda$480+0x00000247492b2640.getObject()Ljava/lang/Object;+16
j  org.springframework.beans.factory.support.DefaultSingletonBeanRegistry.getSingleton(Ljava/lang/String;Lorg/springframework/beans/factory/ObjectFactory;)Ljava/lang/Object;+897
J 3099 c1 org.springframework.beans.factory.support.AbstractBeanFactory.doGetBean(Ljava/lang/String;Ljava/lang/Class;[Ljava/lang/Object;Z)Ljava/lang/Object; (791 bytes) @ 0x000002473834d04c [0x000002473834ca20+0x000000000000062c]
J 3103 c1 org.springframework.beans.factory.support.AbstractBeanFactory.getBean(Ljava/lang/String;Ljava/lang/Class;)Ljava/lang/Object; (9 bytes) @ 0x000002473834a184 [0x000002473834a120+0x0000000000000064]
j  org.springframework.context.support.AbstractApplicationContext.finishBeanFactoryInitialization(Lorg/springframework/beans/factory/config/ConfigurableListableBeanFactory;)V+226
j  org.springframework.context.support.AbstractApplicationContext.refresh()V+94
j  org.springframework.boot.web.server.servlet.context.ServletWebServerApplicationContext.refresh()V+1
j  org.springframework.boot.SpringApplication.refresh(Lorg/springframework/context/ConfigurableApplicationContext;)V+1
j  org.springframework.boot.SpringApplication.refreshContext(Lorg/springframework/context/ConfigurableApplicationContext;)V+19
j  org.springframework.boot.SpringApplication.run([Ljava/lang/String;)Lorg/springframework/context/ConfigurableApplicationContext;+113
j  org.springframework.boot.SpringApplication.run([Ljava/lang/Class;[Ljava/lang/String;)Lorg/springframework/context/ConfigurableApplicationContext;+9
j  org.springframework.boot.SpringApplication.run(Ljava/lang/Class;[Ljava/lang/String;)Lorg/springframework/context/ConfigurableApplicationContext;+9
j  com.programmingtechie.tasklist.TasklistApplication.main([Ljava/lang/String;)V+3
v  ~StubRoutines::call_stub

---------------  P R O C E S S  ---------------

Threads class SMR info:
_java_thread_list=0x0000024791e60f00, length=22, elements={
0x000002472fe4e550, 0x000002474739b1c0, 0x00000247473a0a30, 0x00000247473b6b10,
0x00000247473b93f0, 0x00000247473b9ee0, 0x00000247473ba7b0, 0x00000247473bb080,
0x00000247473df360, 0x0000024747381520, 0x0000024747613e90, 0x0000024747616f30,
0x000002474761f620, 0x000002478d1ef280, 0x000002478d744d50, 0x000002479090da40,
0x000002479090df50, 0x000002479090fdb0, 0x000002479090e460, 0x00000247914fa020,
0x00000247914fe1f0, 0x00000247914ff630
}

Java Threads: ( => current thread )
=>0x000002472fe4e550 JavaThread "main" [_thread_in_vm, id=11560, stack(0x000000f731f00000,0x000000f732000000)]
  0x000002474739b1c0 JavaThread "Reference Handler" daemon [_thread_blocked, id=36464, stack(0x000000f732600000,0x000000f732700000)]
  0x00000247473a0a30 JavaThread "Finalizer" daemon [_thread_blocked, id=34312, stack(0x000000f732700000,0x000000f732800000)]
  0x00000247473b6b10 JavaThread "Signal Dispatcher" daemon [_thread_blocked, id=13636, stack(0x000000f732800000,0x000000f732900000)]
  0x00000247473b93f0 JavaThread "Attach Listener" daemon [_thread_blocked, id=29408, stack(0x000000f732900000,0x000000f732a00000)]
  0x00000247473b9ee0 JavaThread "Service Thread" daemon [_thread_blocked, id=13524, stack(0x000000f732a00000,0x000000f732b00000)]
  0x00000247473ba7b0 JavaThread "Monitor Deflation Thread" daemon [_thread_blocked, id=27800, stack(0x000000f732b00000,0x000000f732c00000)]
  0x00000247473bb080 JavaThread "C1 CompilerThread0" daemon [_thread_blocked, id=13256, stack(0x000000f732c00000,0x000000f732d00000)]
  0x00000247473df360 JavaThread "Sweeper thread" daemon [_thread_blocked, id=29836, stack(0x000000f732d00000,0x000000f732e00000)]
  0x0000024747381520 JavaThread "Common-Cleaner" daemon [_thread_blocked, id=36228, stack(0x000000f733100000,0x000000f733200000)]
  0x0000024747613e90 JavaThread "JDWP Transport Listener: dt_socket" daemon [_thread_blocked, id=37328, stack(0x000000f733200000,0x000000f733300000)]
  0x0000024747616f30 JavaThread "JDWP Event Helper Thread" daemon [_thread_blocked, id=15956, stack(0x000000f733300000,0x000000f733400000)]
  0x000002474761f620 JavaThread "JDWP Command Reader" daemon [_thread_in_native, id=36596, stack(0x000000f733400000,0x000000f733500000)]
  0x000002478d1ef280 JavaThread "Notification Thread" daemon [_thread_blocked, id=9704, stack(0x000000f733500000,0x000000f733600000)]
  0x000002478d744d50 JavaThread "RMI TCP Accept-0" daemon [_thread_in_native, id=9376, stack(0x000000f733d00000,0x000000f733e00000)]
  0x000002479090da40 JavaThread "Catalina-utility-1" [_thread_blocked, id=9988, stack(0x000000f733f00000,0x000000f734000000)]
  0x000002479090df50 JavaThread "Catalina-utility-2" [_thread_blocked, id=32908, stack(0x000000f734100000,0x000000f734200000)]
  0x000002479090fdb0 JavaThread "container-0" [_thread_blocked, id=34236, stack(0x000000f734200000,0x000000f734300000)]
  0x000002479090e460 JavaThread "Thread-1" daemon [_thread_in_native, id=15000, stack(0x000000f734300000,0x000000f734400000)]
  0x00000247914fa020 JavaThread "lettuce-timer-3-1" daemon [_thread_blocked, id=10376, stack(0x000000f734400000,0x000000f734500000)]
  0x00000247914fe1f0 JavaThread "Cleaner-0" daemon [_thread_blocked, id=32452, stack(0x000000f734600000,0x000000f734700000)]
  0x00000247914ff630 JavaThread "HikariPool-1:housekeeper" daemon [_thread_blocked, id=26500, stack(0x000000f734700000,0x000000f734800000)]

Other Threads:
  0x0000024747398dc0 VMThread "VM Thread" [stack: 0x000000f732500000,0x000000f732600000] [id=25404] _threads_hazard_ptr=0x0000024791e60f00
  0x000002478d782980 WatcherThread [stack: 0x000000f733e00000,0x000000f733f00000] [id=20592]
  0x0000024737942600 GCTaskThread "GC Thread#0" [stack: 0x000000f732000000,0x000000f732100000] [id=35248]
  0x000002478d29f020 GCTaskThread "GC Thread#1" [stack: 0x000000f733600000,0x000000f733700000] [id=31840]
  0x000002478d2d7130 GCTaskThread "GC Thread#2" [stack: 0x000000f733700000,0x000000f733800000] [id=764]
  0x000002478d2f5320 GCTaskThread "GC Thread#3" [stack: 0x000000f733800000,0x000000f733900000] [id=25768]
  0x000002478d234e00 GCTaskThread "GC Thread#4" [stack: 0x000000f733900000,0x000000f733a00000] [id=34920]
  0x000002478d306760 GCTaskThread "GC Thread#5" [stack: 0x000000f733a00000,0x000000f733b00000] [id=31328]
  0x000002478d2dffa0 GCTaskThread "GC Thread#6" [stack: 0x000000f733b00000,0x000000f733c00000] [id=13456]
  0x000002478d2e0260 GCTaskThread "GC Thread#7" [stack: 0x000000f733c00000,0x000000f733d00000] [id=20620]
  0x0000024737957000 ConcurrentGCThread "G1 Main Marker" [stack: 0x000000f732100000,0x000000f732200000] [id=34740]
  0x0000024737957920 ConcurrentGCThread "G1 Conc#0" [stack: 0x000000f732200000,0x000000f732300000] [id=16216]
  0x000002478e9e9420 ConcurrentGCThread "G1 Conc#1" [stack: 0x000000f734000000,0x000000f734100000] [id=35624]
  0x0000024737a47570 ConcurrentGCThread "G1 Refine#0" [stack: 0x000000f732300000,0x000000f732400000] [id=9544]
  0x0000024747250090 ConcurrentGCThread "G1 Service" [stack: 0x000000f732400000,0x000000f732500000] [id=5096]

Threads with active compile tasks:

VM state: synchronizing (normal execution)

VM Mutex/Monitor currently owned by a thread:  ([mutex/lock_event])
[0x00000247378c6950] Threads_lock - owner thread: 0x0000024747398dc0

Heap address: 0x0000000703600000, size: 4042 MB, Compressed Oops mode: Zero based, Oop shift amount: 3

CDS archive(s) mapped at: [0x0000024748000000-0x0000024748bd0000-0x0000024748bd0000), size 12386304, SharedBaseAddress: 0x0000024748000000, ArchiveRelocationMode: 1.
Compressed class space mapped at: 0x0000024749000000-0x0000024789000000, reserved size: 1073741824
Narrow klass base: 0x0000024748000000, Narrow klass shift: 0, Narrow klass range: 0x100000000

GC Precious Log:
 CPUs: 8 total, 8 available
 Memory: 16167M
 Large Page Support: Disabled
 NUMA Support: Disabled
 Compressed Oops: Enabled (Zero based)
 Heap Region Size: 2M
 Heap Min Capacity: 8M
 Heap Initial Capacity: 254M
 Heap Max Capacity: 4042M
 Pre-touch: Disabled
 Parallel Workers: 8
 Concurrent Workers: 2
 Concurrent Refinement Workers: 8
 Periodic GC: Disabled

Heap:
 garbage-first heap   total 83968K, used 40632K [0x0000000703600000, 0x0000000800000000)
  region size 2048K, 3 young (6144K), 1 survivors (2048K)
 Metaspace       used 69639K, committed 70208K, reserved 1114112K
  class space    used 9517K, committed 9792K, reserved 1048576K

Heap Regions: E=young(eden), S=young(survivor), O=old, HS=humongous(starts), HC=humongous(continues), CS=collection set, F=free, OA=open archive, CA=closed archive, TAMS=top-at-mark-start (previous, next)
|   0|0x0000000703600000, 0x0000000703800000, 0x0000000703800000|100%| O|  |TAMS 0x0000000703800000, 0x0000000703600000| Untracked 
|   1|0x0000000703800000, 0x0000000703a00000, 0x0000000703a00000|100%| O|  |TAMS 0x0000000703a00000, 0x0000000703800000| Untracked 
|   2|0x0000000703a00000, 0x0000000703c00000, 0x0000000703c00000|100%| O|  |TAMS 0x0000000703c00000, 0x0000000703a00000| Untracked 
|   3|0x0000000703c00000, 0x0000000703e00000, 0x0000000703e00000|100%| O|  |TAMS 0x0000000703e00000, 0x0000000703c00000| Untracked 
|   4|0x0000000703e00000, 0x0000000704000000, 0x0000000704000000|100%| O|  |TAMS 0x0000000704000000, 0x0000000703e00000| Untracked 
|   5|0x0000000704000000, 0x00000007040bf000, 0x0000000704200000| 37%| O|  |TAMS 0x00000007040bf000, 0x0000000704000000| Untracked 
|   6|0x0000000704200000, 0x0000000704400000, 0x0000000704400000|100%| O|  |TAMS 0x0000000704400000, 0x0000000704200000| Untracked 
|   7|0x0000000704400000, 0x0000000704600000, 0x0000000704600000|100%| O|  |TAMS 0x0000000704600000, 0x0000000704400000| Untracked 
|   8|0x0000000704600000, 0x0000000704800000, 0x0000000704800000|100%| O|  |TAMS 0x0000000704800000, 0x0000000704600000| Untracked 
|   9|0x0000000704800000, 0x0000000704a00000, 0x0000000704a00000|100%| O|  |TAMS 0x0000000704a00000, 0x0000000704800000| Untracked 
|  10|0x0000000704a00000, 0x0000000704c00000, 0x0000000704c00000|100%| O|  |TAMS 0x0000000704c00000, 0x0000000704a00000| Untracked 
|  11|0x0000000704c00000, 0x0000000704e00000, 0x0000000704e00000|100%| O|  |TAMS 0x0000000704e00000, 0x0000000704c00000| Untracked 
|  12|0x0000000704e00000, 0x0000000705000000, 0x0000000705000000|100%| O|  |TAMS 0x0000000705000000, 0x0000000704e00000| Untracked 
|  13|0x0000000705000000, 0x0000000705200000, 0x0000000705200000|100%| O|  |TAMS 0x0000000705200000, 0x0000000705000000| Untracked 
|  14|0x0000000705200000, 0x0000000705400000, 0x0000000705400000|100%| O|  |TAMS 0x0000000705400000, 0x0000000705200000| Untracked 
|  15|0x0000000705400000, 0x0000000705600000, 0x0000000705600000|100%| O|  |TAMS 0x000000070540ce00, 0x0000000705400000| Untracked 
|  16|0x0000000705600000, 0x0000000705800000, 0x0000000705800000|100%| O|  |TAMS 0x0000000705600000, 0x0000000705600000| Untracked 
|  17|0x0000000705800000, 0x0000000705a00000, 0x0000000705a00000|100%| O|  |TAMS 0x0000000705800000, 0x0000000705800000| Untracked 
|  18|0x0000000705a00000, 0x0000000705b84600, 0x0000000705c00000| 75%| O|  |TAMS 0x0000000705a00000, 0x0000000705a00000| Untracked 
|  19|0x0000000705c00000, 0x0000000705c00000, 0x0000000705e00000|  0%| F|  |TAMS 0x0000000705c00000, 0x0000000705c00000| Untracked 
|  20|0x0000000705e00000, 0x0000000705e00000, 0x0000000706000000|  0%| F|  |TAMS 0x0000000705e00000, 0x0000000705e00000| Untracked 
|  21|0x0000000706000000, 0x0000000706000000, 0x0000000706200000|  0%| F|  |TAMS 0x0000000706000000, 0x0000000706000000| Untracked 
|  22|0x0000000706200000, 0x0000000706200000, 0x0000000706400000|  0%| F|  |TAMS 0x0000000706200000, 0x0000000706200000| Untracked 
|  23|0x0000000706400000, 0x0000000706400000, 0x0000000706600000|  0%| F|  |TAMS 0x0000000706400000, 0x0000000706400000| Untracked 
|  24|0x0000000706600000, 0x0000000706600000, 0x0000000706800000|  0%| F|  |TAMS 0x0000000706600000, 0x0000000706600000| Untracked 
|  25|0x0000000706800000, 0x0000000706800000, 0x0000000706a00000|  0%| F|  |TAMS 0x0000000706800000, 0x0000000706800000| Untracked 
|  26|0x0000000706a00000, 0x0000000706a00000, 0x0000000706c00000|  0%| F|  |TAMS 0x0000000706a00000, 0x0000000706a00000| Untracked 
|  27|0x0000000706c00000, 0x0000000706d6ab68, 0x0000000706e00000| 70%| S|CS|TAMS 0x0000000706c00000, 0x0000000706c00000| Complete 
|  28|0x0000000706e00000, 0x0000000706e00000, 0x0000000707000000|  0%| F|  |TAMS 0x0000000706e00000, 0x0000000706e00000| Untracked 
|  29|0x0000000707000000, 0x0000000707000000, 0x0000000707200000|  0%| F|  |TAMS 0x0000000707000000, 0x0000000707000000| Untracked 
|  30|0x0000000707200000, 0x0000000707200000, 0x0000000707400000|  0%| F|  |TAMS 0x0000000707200000, 0x0000000707200000| Untracked 
|  31|0x0000000707400000, 0x0000000707400000, 0x0000000707600000|  0%| F|  |TAMS 0x0000000707400000, 0x0000000707400000| Untracked 
|  32|0x0000000707600000, 0x0000000707600000, 0x0000000707800000|  0%| F|  |TAMS 0x0000000707600000, 0x0000000707600000| Untracked 
|  33|0x0000000707800000, 0x0000000707800000, 0x0000000707a00000|  0%| F|  |TAMS 0x0000000707800000, 0x0000000707800000| Untracked 
|  34|0x0000000707a00000, 0x0000000707a00000, 0x0000000707c00000|  0%| F|  |TAMS 0x0000000707a00000, 0x0000000707a00000| Untracked 
|  35|0x0000000707c00000, 0x0000000707c00000, 0x0000000707e00000|  0%| F|  |TAMS 0x0000000707c00000, 0x0000000707c00000| Untracked 
|  36|0x0000000707e00000, 0x0000000707e00000, 0x0000000708000000|  0%| F|  |TAMS 0x0000000707e00000, 0x0000000707e00000| Untracked 
| 113|0x0000000711800000, 0x0000000711800000, 0x0000000711a00000|  0%| F|  |TAMS 0x0000000711800000, 0x0000000711800000| Untracked 
| 114|0x0000000711a00000, 0x0000000711a00000, 0x0000000711c00000|  0%| F|  |TAMS 0x0000000711a00000, 0x0000000711a00000| Untracked 
| 115|0x0000000711c00000, 0x0000000711c21f40, 0x0000000711e00000|  6%| E|  |TAMS 0x0000000711c00000, 0x0000000711c00000| Complete 
| 126|0x0000000713200000, 0x0000000713400000, 0x0000000713400000|100%| E|CS|TAMS 0x0000000713200000, 0x0000000713200000| Complete 

Card table byte_map: [0x000002473bad0000,0x000002473c2c0000] _byte_map_base: 0x00000247382b5000

Marking Bits (Prev, Next): (CMBitMap*) 0x0000024737942b70, (CMBitMap*) 0x0000024737942b30
 Prev Bits: [0x00000247409e0000, 0x0000024744908000)
 Next Bits: [0x000002473cab0000, 0x00000247409d8000)

Polling page: 0x000002472dc80000

Metaspace:

Usage:
  Non-class:     58.71 MB used.
      Class:      9.29 MB used.
       Both:     68.01 MB used.

Virtual space:
  Non-class space:       64.00 MB reserved,      59.00 MB ( 92%) committed,  1 nodes.
      Class space:        1.00 GB reserved,       9.56 MB ( <1%) committed,  1 nodes.
             Both:        1.06 GB reserved,      68.56 MB (  6%) committed. 

Chunk freelists:
   Non-Class:  4.41 MB
       Class:  6.47 MB
        Both:  10.88 MB

MaxMetaspaceSize: unlimited
CompressedClassSpaceSize: 1.00 GB
Initial GC threshold: 21.00 MB
Current GC threshold: 98.44 MB
CDS: on
MetaspaceReclaimPolicy: balanced
 - commit_granule_bytes: 65536.
 - commit_granule_words: 8192.
 - virtual_space_node_default_size: 8388608.
 - enlarge_chunks_in_place: 1.
 - new_chunks_are_fully_committed: 0.
 - uncommit_free_chunks: 1.
 - use_allocation_guard: 0.
 - handle_deallocations: 1.


Internal statistics:

num_allocs_failed_limit: 9.
num_arena_births: 788.
num_arena_deaths: 0.
num_vsnodes_births: 2.
num_vsnodes_deaths: 0.
num_space_committed: 1097.
num_space_uncommitted: 0.
num_chunks_returned_to_freelist: 9.
num_chunks_taken_from_freelist: 3024.
num_chunk_merges: 6.
num_chunk_splits: 2277.
num_chunks_enlarged: 1853.
num_inconsistent_stats: 0.

CodeCache: size=49152Kb used=13662Kb max_used=15187Kb free=35489Kb
 bounds [0x0000024737a50000, 0x0000024738930000, 0x000002473aa50000]
 total_blobs=6575 nmethods=5926 adapters=575
 compilation: enabled
              stopped_count=0, restarted_count=0
 full_count=0

Compilation events (20 events):
Event: 11.917 Thread 0x00000247473bb080 5918       1       jdk.internal.reflect.UnsafeQualifiedStaticObjectFieldAccessorImpl::<init> (7 bytes)
Event: 11.917 Thread 0x00000247473bb080 nmethod 5918 0x0000024737bcb090 code [0x0000024737bcb260, 0x0000024737bcb4c8]
Event: 11.918 Thread 0x00000247473bb080 5919   !   1       org.hibernate.boot.registry.classloading.internal.AggregatedClassLoader::findClass (59 bytes)
Event: 11.918 Thread 0x00000247473bb080 nmethod 5919 0x0000024737bca090 code [0x0000024737bca2e0, 0x0000024737bca888]
Event: 11.918 Thread 0x00000247473bb080 5920       1       org.hibernate.boot.models.internal.ModelsHelper$$Lambda$1469/0x00000247499020f8::accept (14 bytes)
Event: 11.919 Thread 0x00000247473bb080 nmethod 5920 0x0000024737bc9790 code [0x0000024737bc9960, 0x0000024737bc9c08]
Event: 11.919 Thread 0x00000247473bb080 5921       1       org.hibernate.models.internal.AbstractModelsContext$RegistryContributions::registerAnnotation (9 bytes)
Event: 11.919 Thread 0x00000247473bb080 nmethod 5921 0x0000024737bc9090 code [0x0000024737bc9240, 0x0000024737bc9428]
Event: 11.919 Thread 0x00000247473bb080 5922       1       org.hibernate.models.internal.AbstractModelsContext::primeAnnotation (21 bytes)
Event: 11.919 Thread 0x00000247473bb080 nmethod 5922 0x0000024737bc8a10 code [0x0000024737bc8bc0, 0x0000024737bc8d88]
Event: 11.923 Thread 0x00000247473bb080 5923       1       java.util.ServiceLoader$ModuleServicesLookupIterator::iteratorFor (191 bytes)
Event: 11.925 Thread 0x00000247473bb080 nmethod 5923 0x0000024737bc5710 code [0x0000024737bc5ae0, 0x0000024737bc6d78]
Event: 11.925 Thread 0x00000247473bb080 5924       1       java.util.stream.ReferencePipeline::iterator (8 bytes)
Event: 11.925 Thread 0x00000247473bb080 nmethod 5924 0x0000024737bc5110 code [0x0000024737bc52c0, 0x0000024737bc5518]
Event: 11.926 Thread 0x00000247473bb080 5925       1       java.util.Spliterators::iterator (14 bytes)
Event: 11.926 Thread 0x00000247473bb080 nmethod 5925 0x0000024737bc4b90 code [0x0000024737bc4d40, 0x0000024737bc4f68]
Event: 11.926 Thread 0x00000247473bb080 5926       1       java.util.Spliterators$1Adapter::<init> (15 bytes)
Event: 11.926 Thread 0x00000247473bb080 nmethod 5926 0x0000024737bc4810 code [0x0000024737bc49a0, 0x0000024737bc4ab8]
Event: 11.955 Thread 0x00000247473bb080 5927   !   1       jdk.internal.reflect.NativeMethodAccessorImpl::invoke (137 bytes)
Event: 11.956 Thread 0x00000247473bb080 nmethod 5927 0x0000024737bc3390 code [0x0000024737bc3580, 0x0000024737bc3b48]

GC Heap History (20 events):
Event: 3.283 GC heap before
{Heap before GC invocations=8 (full 0):
 garbage-first heap   total 69632K, used 45855K [0x0000000703600000, 0x0000000800000000)
  region size 2048K, 15 young (30720K), 2 survivors (4096K)
 Metaspace       used 33907K, committed 34304K, reserved 1114112K
  class space    used 4474K, committed 4672K, reserved 1048576K
}
Event: 3.289 GC heap after
{Heap after GC invocations=9 (full 0):
 garbage-first heap   total 69632K, used 23014K [0x0000000703600000, 0x0000000800000000)
  region size 2048K, 2 young (4096K), 2 survivors (4096K)
 Metaspace       used 33907K, committed 34304K, reserved 1114112K
  class space    used 4474K, committed 4672K, reserved 1048576K
}
Event: 3.513 GC heap before
{Heap before GC invocations=9 (full 0):
 garbage-first heap   total 69632K, used 39398K [0x0000000703600000, 0x0000000800000000)
  region size 2048K, 11 young (22528K), 2 survivors (4096K)
 Metaspace       used 35652K, committed 35968K, reserved 1114112K
  class space    used 4709K, committed 4864K, reserved 1048576K
}
Event: 3.517 GC heap after
{Heap after GC invocations=10 (full 0):
 garbage-first heap   total 83968K, used 23896K [0x0000000703600000, 0x0000000800000000)
  region size 2048K, 2 young (4096K), 2 survivors (4096K)
 Metaspace       used 35652K, committed 35968K, reserved 1114112K
  class space    used 4709K, committed 4864K, reserved 1048576K
}
Event: 3.993 GC heap before
{Heap before GC invocations=11 (full 0):
 garbage-first heap   total 83968K, used 60760K [0x0000000703600000, 0x0000000800000000)
  region size 2048K, 20 young (40960K), 2 survivors (4096K)
 Metaspace       used 39938K, committed 40448K, reserved 1114112K
  class space    used 5443K, committed 5696K, reserved 1048576K
}
Event: 4.001 GC heap after
{Heap after GC invocations=12 (full 0):
 garbage-first heap   total 83968K, used 25851K [0x0000000703600000, 0x0000000800000000)
  region size 2048K, 3 young (6144K), 3 survivors (6144K)
 Metaspace       used 39938K, committed 40448K, reserved 1114112K
  class space    used 5443K, committed 5696K, reserved 1048576K
}
Event: 4.584 GC heap before
{Heap before GC invocations=12 (full 0):
 garbage-first heap   total 83968K, used 62715K [0x0000000703600000, 0x0000000800000000)
  region size 2048K, 21 young (43008K), 3 survivors (6144K)
 Metaspace       used 43723K, committed 44224K, reserved 1114112K
  class space    used 5977K, committed 6208K, reserved 1048576K
}
Event: 4.594 GC heap after
{Heap after GC invocations=13 (full 0):
 garbage-first heap   total 83968K, used 27927K [0x0000000703600000, 0x0000000800000000)
  region size 2048K, 3 young (6144K), 3 survivors (6144K)
 Metaspace       used 43723K, committed 44224K, reserved 1114112K
  class space    used 5977K, committed 6208K, reserved 1048576K
}
Event: 5.382 GC heap before
{Heap before GC invocations=13 (full 0):
 garbage-first heap   total 83968K, used 62743K [0x0000000703600000, 0x0000000800000000)
  region size 2048K, 20 young (40960K), 3 survivors (6144K)
 Metaspace       used 49061K, committed 49536K, reserved 1114112K
  class space    used 6680K, committed 6912K, reserved 1048576K
}
Event: 5.388 GC heap after
{Heap after GC invocations=14 (full 0):
 garbage-first heap   total 83968K, used 29610K [0x0000000703600000, 0x0000000800000000)
  region size 2048K, 2 young (4096K), 2 survivors (4096K)
 Metaspace       used 49061K, committed 49536K, reserved 1114112K
  class space    used 6680K, committed 6912K, reserved 1048576K
}
Event: 6.091 GC heap before
{Heap before GC invocations=14 (full 0):
 garbage-first heap   total 83968K, used 62378K [0x0000000703600000, 0x0000000800000000)
  region size 2048K, 18 young (36864K), 2 survivors (4096K)
 Metaspace       used 54280K, committed 54720K, reserved 1114112K
  class space    used 7278K, committed 7488K, reserved 1048576K
}
Event: 6.095 GC heap after
{Heap after GC invocations=15 (full 0):
 garbage-first heap   total 83968K, used 31328K [0x0000000703600000, 0x0000000800000000)
  region size 2048K, 2 young (4096K), 2 survivors (4096K)
 Metaspace       used 54280K, committed 54720K, reserved 1114112K
  class space    used 7278K, committed 7488K, reserved 1048576K
}
Event: 7.071 GC heap before
{Heap before GC invocations=15 (full 0):
 garbage-first heap   total 83968K, used 64096K [0x0000000703600000, 0x0000000800000000)
  region size 2048K, 18 young (36864K), 2 survivors (4096K)
 Metaspace       used 57672K, committed 58240K, reserved 1114112K
  class space    used 7724K, committed 8000K, reserved 1048576K
}
Event: 7.076 GC heap after
{Heap after GC invocations=16 (full 0):
 garbage-first heap   total 83968K, used 34144K [0x0000000703600000, 0x0000000800000000)
  region size 2048K, 3 young (6144K), 3 survivors (6144K)
 Metaspace       used 57672K, committed 58240K, reserved 1114112K
  class space    used 7724K, committed 8000K, reserved 1048576K
}
Event: 7.620 GC heap before
{Heap before GC invocations=16 (full 0):
 garbage-first heap   total 83968K, used 46432K [0x0000000703600000, 0x0000000800000000)
  region size 2048K, 10 young (20480K), 3 survivors (6144K)
 Metaspace       used 59845K, committed 60288K, reserved 1114112K
  class space    used 7973K, committed 8192K, reserved 1048576K
}
Event: 7.626 GC heap after
{Heap after GC invocations=17 (full 0):
 garbage-first heap   total 83968K, used 34843K [0x0000000703600000, 0x0000000800000000)
  region size 2048K, 2 young (4096K), 2 survivors (4096K)
 Metaspace       used 59845K, committed 60288K, reserved 1114112K
  class space    used 7973K, committed 8192K, reserved 1048576K
}
Event: 11.565 GC heap before
{Heap before GC invocations=18 (full 0):
 garbage-first heap   total 83968K, used 65563K [0x0000000703600000, 0x0000000800000000)
  region size 2048K, 17 young (34816K), 2 survivors (4096K)
 Metaspace       used 66150K, committed 66688K, reserved 1114112K
  class space    used 8797K, committed 9088K, reserved 1048576K
}
Event: 11.569 GC heap after
{Heap after GC invocations=19 (full 0):
 garbage-first heap   total 83968K, used 37261K [0x0000000703600000, 0x0000000800000000)
  region size 2048K, 2 young (4096K), 2 survivors (4096K)
 Metaspace       used 66150K, committed 66688K, reserved 1114112K
  class space    used 8797K, committed 9088K, reserved 1048576K
}
Event: 14.040 GC heap before
{Heap before GC invocations=19 (full 0):
 garbage-first heap   total 83968K, used 63885K [0x0000000703600000, 0x0000000800000000)
  region size 2048K, 15 young (30720K), 2 survivors (4096K)
 Metaspace       used 69348K, committed 69888K, reserved 1114112K
  class space    used 9477K, committed 9728K, reserved 1048576K
}
Event: 14.047 GC heap after
{Heap after GC invocations=20 (full 0):
 garbage-first heap   total 83968K, used 38584K [0x0000000703600000, 0x0000000800000000)
  region size 2048K, 1 young (2048K), 1 survivors (2048K)
 Metaspace       used 69348K, committed 69888K, reserved 1114112K
  class space    used 9477K, committed 9728K, reserved 1048576K
}

Deoptimization events (20 events):
Event: 11.482 Thread 0x000002472fe4e550 DEOPT PACKING pc=0x0000024737f585e4 sp=0x000000f731ffc540
Event: 11.482 Thread 0x000002472fe4e550 DEOPT UNPACKING pc=0x0000024737aa66e3 sp=0x000000f731ffb9d8 mode 1
Event: 11.482 Thread 0x000002472fe4e550 DEOPT PACKING pc=0x0000024737f55afc sp=0x000000f731ffc610
Event: 11.482 Thread 0x000002472fe4e550 DEOPT UNPACKING pc=0x0000024737aa66e3 sp=0x000000f731ffbac8 mode 1
Event: 11.482 Thread 0x000002472fe4e550 DEOPT PACKING pc=0x0000024737fcbcdc sp=0x000000f731ffd020
Event: 11.482 Thread 0x000002472fe4e550 DEOPT UNPACKING pc=0x0000024737aa66e3 sp=0x000000f731ffc510 mode 1
Event: 11.951 Thread 0x000002472fe4e550 DEOPT PACKING pc=0x000002473833556c sp=0x000000f731ffdfc0
Event: 11.951 Thread 0x000002472fe4e550 DEOPT UNPACKING pc=0x0000024737aa66e3 sp=0x000000f731ffd4f0 mode 1
Event: 11.951 Thread 0x000002472fe4e550 DEOPT PACKING pc=0x00000247386b329c sp=0x000000f731ffe0d0
Event: 11.951 Thread 0x000002472fe4e550 DEOPT UNPACKING pc=0x0000024737aa66e3 sp=0x000000f731ffd628 mode 1
Event: 11.954 Thread 0x000002472fe4e550 DEOPT PACKING pc=0x0000024737dea4c4 sp=0x000000f731ffdee0
Event: 11.954 Thread 0x000002472fe4e550 DEOPT UNPACKING pc=0x0000024737aa66e3 sp=0x000000f731ffd508 mode 1
Event: 11.954 Thread 0x000002472fe4e550 DEOPT PACKING pc=0x000002473831f27c sp=0x000000f731ffe110
Event: 11.954 Thread 0x000002472fe4e550 DEOPT UNPACKING pc=0x0000024737aa66e3 sp=0x000000f731ffd578 mode 1
Event: 11.954 Thread 0x000002472fe4e550 DEOPT PACKING pc=0x0000024737dea4c4 sp=0x000000f731ffdee0
Event: 11.954 Thread 0x000002472fe4e550 DEOPT UNPACKING pc=0x0000024737aa66e3 sp=0x000000f731ffd508 mode 1
Event: 11.954 Thread 0x000002472fe4e550 DEOPT PACKING pc=0x000002473831f27c sp=0x000000f731ffe110
Event: 11.954 Thread 0x000002472fe4e550 DEOPT UNPACKING pc=0x0000024737aa66e3 sp=0x000000f731ffd578 mode 1
Event: 14.076 Thread 0x0000024747e86690 DEOPT PACKING pc=0x0000024737d6cb77 sp=0x000000f7349fef90
Event: 14.076 Thread 0x0000024747e86690 DEOPT UNPACKING pc=0x0000024737aa66e3 sp=0x000000f7349fe498 mode 1

Classes unloaded (0 events):
No events

Classes redefined (1 events):
Event: 0.775 Thread 0x0000024747398dc0 redefined class name=java.lang.Throwable, count=1

Internal exceptions (20 events):
Event: 6.562 Thread 0x000002472fe4e550 Exception <a 'java/lang/ClassNotFoundException'{0x00000007074f2988}: liquibase/change/core/SetTableRemarksChangeBeanInfo> (0x00000007074f2988) 
thrown [s\open\src\hotspot\share\classfile\systemDictionary.cpp, line 256]
Event: 6.563 Thread 0x000002472fe4e550 Exception <a 'java/lang/ClassNotFoundException'{0x00000007074fce60}: liquibase/change/core/SetTableRemarksChangeCustomizer> (0x00000007074fce60) 
thrown [s\open\src\hotspot\share\classfile\systemDictionary.cpp, line 256]
Event: 6.565 Thread 0x000002472fe4e550 Exception <a 'java/lang/ClassNotFoundException'{0x000000070751aa78}: liquibase/change/core/StopChangeBeanInfo> (0x000000070751aa78) 
thrown [s\open\src\hotspot\share\classfile\systemDictionary.cpp, line 256]
Event: 6.566 Thread 0x000002472fe4e550 Exception <a 'java/lang/ClassNotFoundException'{0x00000007075248f8}: liquibase/change/core/StopChangeCustomizer> (0x00000007075248f8) 
thrown [s\open\src\hotspot\share\classfile\systemDictionary.cpp, line 256]
Event: 6.568 Thread 0x000002472fe4e550 Exception <a 'java/lang/ClassNotFoundException'{0x000000070754c688}: liquibase/change/core/TagDatabaseChangeBeanInfo> (0x000000070754c688) 
thrown [s\open\src\hotspot\share\classfile\systemDictionary.cpp, line 256]
Event: 6.569 Thread 0x000002472fe4e550 Exception <a 'java/lang/ClassNotFoundException'{0x0000000707556b00}: liquibase/change/core/TagDatabaseChangeCustomizer> (0x0000000707556b00) 
thrown [s\open\src\hotspot\share\classfile\systemDictionary.cpp, line 256]
Event: 6.570 Thread 0x000002472fe4e550 Exception <a 'java/lang/ClassNotFoundException'{0x00000007075709c8}: liquibase/change/core/UpdateDataChangeBeanInfo> (0x00000007075709c8) 
thrown [s\open\src\hotspot\share\classfile\systemDictionary.cpp, line 256]
Event: 6.570 Thread 0x000002472fe4e550 Exception <a 'java/lang/ClassNotFoundException'{0x000000070757add8}: liquibase/change/core/UpdateDataChangeCustomizer> (0x000000070757add8) 
thrown [s\open\src\hotspot\share\classfile\systemDictionary.cpp, line 256]
Event: 6.573 Thread 0x000002472fe4e550 Exception <a 'java/lang/ClassNotFoundException'{0x0000000707598da0}: liquibase/change/custom/CustomChangeWrapperBeanInfo> (0x0000000707598da0) 
thrown [s\open\src\hotspot\share\classfile\systemDictionary.cpp, line 256]
Event: 6.574 Thread 0x000002472fe4e550 Exception <a 'java/lang/ClassNotFoundException'{0x00000007075a3278}: liquibase/change/custom/CustomChangeWrapperCustomizer> (0x00000007075a3278) 
thrown [s\open\src\hotspot\share\classfile\systemDictionary.cpp, line 256]
Event: 7.208 Thread 0x000002472fe4e550 Exception <a 'java/lang/NoSuchMethodError'{0x0000000711cfc328}: 'int java.lang.invoke.DirectMethodHandle$Holder.invokeStatic(java.lang.Object, int, java.lang.Object)'> (0x0000000711cfc328) 
thrown [s\open\src\hotspot\share\interpreter\linkResolver.cpp, line 759]
Event: 7.292 Thread 0x000002472fe4e550 Exception <a 'java/lang/NoSuchMethodError'{0x0000000711b6ca30}: 'void java.lang.invoke.DirectMethodHandle$Holder.invokeStatic(java.lang.Object, int)'> (0x0000000711b6ca30) 
thrown [s\open\src\hotspot\share\interpreter\linkResolver.cpp, line 759]
Event: 7.292 Thread 0x000002472fe4e550 Exception <a 'java/lang/NoSuchMethodError'{0x0000000711b70400}: 'void java.lang.invoke.DirectMethodHandle$Holder.invokeStaticInit(java.lang.Object, int)'> (0x0000000711b70400) 
thrown [s\open\src\hotspot\share\interpreter\linkResolver.cpp, line 759]
Event: 7.342 Thread 0x000002472fe4e550 Exception <a 'java/lang/NoSuchMethodError'{0x00000007118b1700}: 'java.lang.Object java.lang.invoke.DirectMethodHandle$Holder.newInvokeSpecial(java.lang.Object, java.lang.Object, java.lang.Object, java.lang.Object, java.lang.Object, java.lang.Object, java.lang.Object, java.lang.Object, java.lang.Object, java.lang.Object, java.lang.Object, java.lang.Object)'> (0x00000007118b1700) 
thrown [s\open\src\hotspot\share\interpreter\linkResolver.cpp, line 759]
Event: 7.343 Thread 0x000002472fe4e550 Exception <a 'java/lang/NoSuchMethodError'{0x00000007118b6648}: 'java.lang.Object java.lang.invoke.DirectMethodHandle$Holder.invokeSpecial(java.lang.Object, java.lang.Object, java.lang.Object, java.lang.Object, java.lang.Object, java.lang.Object, java.lang.Object, java.lang.Object, java.lang.Object, java.lang.Object, java.lang.Object, java.lang.Object, java.lang.Object)'> (0x00000007118b6648) 
thrown [s\open\src\hotspot\share\interpreter\linkResolver.cpp, line 759]
Event: 7.343 Thread 0x000002472fe4e550 Exception <a 'java/lang/NoSuchMethodError'{0x00000007118bad80}: 'java.lang.Object java.lang.invoke.Invokers$Holder.linkToTargetMethod(java.lang.Object, java.lang.Object, java.lang.Object, java.lang.Object, java.lang.Object, java.lang.Object, java.lang.Object, java.lang.Object, java.lang.Object, java.lang.Object, java.lang.Object, java.lang.Object)'> (0x00000007118bad80) 
thrown [s\open\src\hotspot\share\interpreter\linkResolver.cpp, line 759]
Event: 7.346 Thread 0x000002472fe4e550 Exception <a 'java/lang/IncompatibleClassChangeError'{0x00000007118dd438}: Found class java.lang.Object, but interface was expected> (0x00000007118dd438) 
thrown [s\open\src\hotspot\share\interpreter\linkResolver.cpp, line 826]
Event: 7.352 Thread 0x000002472fe4e550 Exception <a 'java/lang/NoSuchMethodError'{0x00000007118fbc28}: 'java.lang.Object java.lang.invoke.DirectMethodHandle$Holder.newInvokeSpecial(java.lang.Object, int, java.lang.Object, java.lang.Object, java.lang.Object, java.lang.Object)'> (0x00000007118fbc28) 
thrown [s\open\src\hotspot\share\interpreter\linkResolver.cpp, line 759]
Event: 7.561 Thread 0x000002472fe4e550 Exception <a 'sun/nio/fs/WindowsException'{0x0000000707a1d588}> (0x0000000707a1d588) 
thrown [s\open\src\hotspot\share\prims\jni.cpp, line 516]
Event: 9.155 Thread 0x000002472fe4e550 Exception <a 'sun/nio/fs/WindowsException'{0x0000000707562660}> (0x0000000707562660) 
thrown [s\open\src\hotspot\share\prims\jni.cpp, line 516]

VM Operations (20 events):
Event: 7.684 Executing VM operation: G1Concurrent done
Event: 7.763 Executing VM operation: HandshakeAllThreads
Event: 7.763 Executing VM operation: HandshakeAllThreads done
Event: 8.772 Executing VM operation: Cleanup
Event: 8.772 Executing VM operation: Cleanup done
Event: 9.042 Executing VM operation: HandshakeAllThreads
Event: 9.042 Executing VM operation: HandshakeAllThreads done
Event: 9.043 Executing VM operation: HandshakeAllThreads
Event: 9.043 Executing VM operation: HandshakeAllThreads done
Event: 10.049 Executing VM operation: Cleanup
Event: 10.314 Executing VM operation: Cleanup done
Event: 11.324 Executing VM operation: Cleanup
Event: 11.370 Executing VM operation: Cleanup done
Event: 11.565 Executing VM operation: G1CollectForAllocation
Event: 11.569 Executing VM operation: G1CollectForAllocation done
Event: 12.581 Executing VM operation: Cleanup
Event: 13.001 Executing VM operation: Cleanup done
Event: 14.040 Executing VM operation: G1CollectForAllocation
Event: 14.047 Executing VM operation: G1CollectForAllocation done
Event: 15.059 Executing VM operation: Cleanup

Events (20 events):
Event: 14.080 loading class net/bytebuddy/utility/dispatcher/JavaDispatcher$InvokerCreationAction
Event: 14.080 loading class net/bytebuddy/utility/dispatcher/JavaDispatcher$InvokerCreationAction done
Event: 14.080 loading class net/bytebuddy/utility/dispatcher/JavaDispatcher$DynamicClassLoader
Event: 14.080 loading class net/bytebuddy/utility/dispatcher/JavaDispatcher$DynamicClassLoader done
Event: 14.080 loading class net/bytebuddy/utility/Invoker
Event: 14.080 loading class net/bytebuddy/utility/Invoker done
Event: 14.081 loading class net/bytebuddy/jar/asm/ClassWriter
Event: 14.081 loading class net/bytebuddy/jar/asm/ClassWriter done
Event: 14.082 loading class net/bytebuddy/jar/asm/ClassVisitor
Event: 14.082 loading class net/bytebuddy/jar/asm/ClassVisitor done
Event: 14.083 loading class net/bytebuddy/jar/asm/ClassTooLargeException
Event: 14.083 loading class net/bytebuddy/jar/asm/ClassTooLargeException done
Event: 14.083 loading class net/bytebuddy/jar/asm/MethodVisitor
Event: 14.083 loading class net/bytebuddy/jar/asm/MethodVisitor done
Event: 14.084 loading class net/bytebuddy/jar/asm/MethodWriter
Event: 14.084 loading class net/bytebuddy/jar/asm/MethodWriter done
Event: 14.654 loading class org/apache/catalina/webresources/CachedResource
Event: 14.654 loading class org/apache/catalina/webresources/CachedResource done
Event: 14.655 loading class org/apache/tomcat/PeriodicEventListener
Event: 14.655 loading class org/apache/tomcat/PeriodicEventListener done


Dynamic libraries:
0x00007ff758f50000 - 0x00007ff758f60000 	C:\Program Files\Java\jdk-17\bin\java.exe
0x00007ffcac680000 - 0x00007ffcac8e8000 	C:\WINDOWS\SYSTEM32\ntdll.dll
0x00007ffcaab40000 - 0x00007ffcaac09000 	C:\WINDOWS\System32\KERNEL32.DLL
0x00007ffcaa020000 - 0x00007ffcaa411000 	C:\WINDOWS\System32\KERNELBASE.dll
0x00007ffca9170000 - 0x00007ffca92bb000 	C:\WINDOWS\System32\ucrtbase.dll
0x00007ffc97e20000 - 0x00007ffc97e39000 	C:\Program Files\Java\jdk-17\bin\jli.dll
0x00007ffc7a4d0000 - 0x00007ffc7a4eb000 	C:\Program Files\Java\jdk-17\bin\VCRUNTIME140.dll
0x00007ffcaa5f0000 - 0x00007ffcaa6a4000 	C:\WINDOWS\System32\ADVAPI32.dll
0x00007ffcabe00000 - 0x00007ffcabea9000 	C:\WINDOWS\System32\msvcrt.dll
0x00007ffcabbe0000 - 0x00007ffcabc86000 	C:\WINDOWS\System32\sechost.dll
0x00007ffcac080000 - 0x00007ffcac198000 	C:\WINDOWS\System32\RPCRT4.dll
0x00007ffcaa420000 - 0x00007ffcaa5e6000 	C:\WINDOWS\System32\USER32.dll
0x00007ffca8f60000 - 0x00007ffca8f87000 	C:\WINDOWS\System32\win32u.dll
0x00007ffc8f6e0000 - 0x00007ffc8f973000 	C:\WINDOWS\WinSxS\amd64_microsoft.windows.common-controls_6595b64144ccf1df_6.0.26100.7705_none_3e06597ae3363b04\COMCTL32.dll
0x00007ffcabf80000 - 0x00007ffcabfab000 	C:\WINDOWS\System32\GDI32.dll
0x00007ffca9040000 - 0x00007ffca916b000 	C:\WINDOWS\System32\gdi32full.dll
0x00007ffca9d40000 - 0x00007ffca9de3000 	C:\WINDOWS\System32\msvcp_win.dll
0x00007ffca1630000 - 0x00007ffca163b000 	C:\WINDOWS\SYSTEM32\VERSION.dll
0x00007ffcabeb0000 - 0x00007ffcabee1000 	C:\WINDOWS\System32\IMM32.DLL
0x00007ffca0530000 - 0x00007ffca053c000 	C:\Program Files\Java\jdk-17\bin\vcruntime140_1.dll
0x00007ffc271f0000 - 0x00007ffc2727e000 	C:\Program Files\Java\jdk-17\bin\msvcp140.dll
0x00007ffba79b0000 - 0x00007ffba8590000 	C:\Program Files\Java\jdk-17\bin\server\jvm.dll
0x00007ffc8e4b0000 - 0x00007ffc8e4e5000 	C:\WINDOWS\SYSTEM32\WINMM.dll
0x00007ffcac530000 - 0x00007ffcac538000 	C:\WINDOWS\System32\PSAPI.DLL
0x00007ffc7c060000 - 0x00007ffc7c06a000 	C:\WINDOWS\SYSTEM32\WSOCK32.dll
0x00007ffcaa9d0000 - 0x00007ffcaaa44000 	C:\WINDOWS\System32\WS2_32.dll
0x00007ffca7cd0000 - 0x00007ffca7ceb000 	C:\WINDOWS\SYSTEM32\kernel.appcore.dll
0x00007ffc7f3b0000 - 0x00007ffc7f3ba000 	C:\Program Files\Java\jdk-17\bin\jimage.dll
0x00007ffca6eb0000 - 0x00007ffca70f2000 	C:\WINDOWS\SYSTEM32\DBGHELP.DLL
0x00007ffcac1a0000 - 0x00007ffcac526000 	C:\WINDOWS\System32\combase.dll
0x00007ffcaa850000 - 0x00007ffcaa927000 	C:\WINDOWS\System32\OLEAUT32.dll
0x00007ffc8b6a0000 - 0x00007ffc8b6db000 	C:\WINDOWS\SYSTEM32\dbgcore.DLL
0x00007ffca8f90000 - 0x00007ffca9035000 	C:\WINDOWS\System32\bcryptPrimitives.dll
0x00007ffc42d20000 - 0x00007ffc42d5b000 	C:\Program Files\Java\jdk-17\bin\jdwp.dll
0x00007ffc3b520000 - 0x00007ffc3b72e000 	C:\Users\Admin\AppData\Local\Temp\idea_libasyncProfiler_dll_temp_folder\libasyncProfiler.dll
0x00007ffc77c30000 - 0x00007ffc77c3e000 	C:\Program Files\Java\jdk-17\bin\instrument.dll
0x00007ffc78200000 - 0x00007ffc78225000 	C:\Program Files\Java\jdk-17\bin\java.dll
0x00007ffc78680000 - 0x00007ffc78698000 	C:\Program Files\Java\jdk-17\bin\zip.dll
0x00007ffbb9970000 - 0x00007ffbb9a47000 	C:\Program Files\Java\jdk-17\bin\jsvml.dll
0x00007ffcab480000 - 0x00007ffcabbd1000 	C:\WINDOWS\System32\SHELL32.dll
0x00007ffca9eb0000 - 0x00007ffcaa01a000 	C:\WINDOWS\System32\wintypes.dll
0x00007ffca9350000 - 0x00007ffca9bb2000 	C:\WINDOWS\System32\windows.storage.dll
0x00007ffcac540000 - 0x00007ffcac636000 	C:\WINDOWS\System32\SHCORE.dll
0x00007ffcaa6b0000 - 0x00007ffcaa717000 	C:\WINDOWS\System32\shlwapi.dll
0x00007ffca8e80000 - 0x00007ffca8ea9000 	C:\WINDOWS\SYSTEM32\profapi.dll
0x00007ffc96310000 - 0x00007ffc9631c000 	C:\Program Files\Java\jdk-17\bin\dt_socket.dll
0x00007ffca76d0000 - 0x00007ffca7704000 	C:\WINDOWS\SYSTEM32\IPHLPAPI.DLL
0x00007ffca8220000 - 0x00007ffca828b000 	C:\WINDOWS\system32\mswsock.dll
0x00007ffc7a3e0000 - 0x00007ffc7a3f9000 	C:\Program Files\Java\jdk-17\bin\net.dll
0x00007ffca2dc0000 - 0x00007ffca2ee7000 	C:\WINDOWS\SYSTEM32\WINHTTP.dll
0x00007ffc7a3b0000 - 0x00007ffc7a3c6000 	C:\Program Files\Java\jdk-17\bin\nio.dll
0x00007ffca7710000 - 0x00007ffca783c000 	C:\WINDOWS\SYSTEM32\DNSAPI.dll
0x00007ffcaa9c0000 - 0x00007ffcaa9ca000 	C:\WINDOWS\System32\NSI.dll
0x00007ffca2b30000 - 0x00007ffca2b3b000 	C:\Windows\System32\rasadhlp.dll
0x00007ffca3420000 - 0x00007ffca34a6000 	C:\WINDOWS\System32\fwpuclnt.dll
0x00007ffc7a430000 - 0x00007ffc7a43a000 	C:\Program Files\Java\jdk-17\bin\management.dll
0x00007ffc78410000 - 0x00007ffc7841b000 	C:\Program Files\Java\jdk-17\bin\management_ext.dll
0x00007ffca8610000 - 0x00007ffca862b000 	C:\WINDOWS\SYSTEM32\CRYPTSP.dll
0x00007ffca7c30000 - 0x00007ffca7c69000 	C:\WINDOWS\system32\rsaenh.dll
0x00007ffca82d0000 - 0x00007ffca82fb000 	C:\WINDOWS\SYSTEM32\USERENV.dll
0x00007ffca8e50000 - 0x00007ffca8e7a000 	C:\WINDOWS\SYSTEM32\bcrypt.dll
0x00007ffca8470000 - 0x00007ffca847c000 	C:\WINDOWS\SYSTEM32\CRYPTBASE.dll
0x00007ffca3130000 - 0x00007ffca314e000 	C:\WINDOWS\SYSTEM32\dhcpcsvc6.DLL
0x00007ffca3030000 - 0x00007ffca3053000 	C:\WINDOWS\SYSTEM32\dhcpcsvc.DLL
0x00007ffc88bb0000 - 0x00007ffc88bc8000 	C:\WINDOWS\system32\napinsp.dll
0x00007ffc88b90000 - 0x00007ffc88ba2000 	C:\WINDOWS\System32\winrnr.dll
0x00007ffc88f00000 - 0x00007ffc88f22000 	C:\WINDOWS\system32\nlansp_c.dll
0x00007ffc9f750000 - 0x00007ffc9f766000 	C:\WINDOWS\system32\wshbth.dll
0x00007ffc77c20000 - 0x00007ffc77c2e000 	C:\Program Files\Java\jdk-17\bin\sunmscapi.dll
0x00007ffca9bc0000 - 0x00007ffca9d37000 	C:\WINDOWS\System32\CRYPT32.dll
0x00007ffca8760000 - 0x00007ffca8790000 	C:\WINDOWS\SYSTEM32\ncrypt.dll
0x00007ffca8710000 - 0x00007ffca874f000 	C:\WINDOWS\SYSTEM32\NTASN1.dll

dbghelp: loaded successfully - version: 4.0.5 - missing functions: none
symbol engine: initialized successfully - sym options: 0x614 - pdb path: .;C:\Program Files\Java\jdk-17\bin;C:\WINDOWS\SYSTEM32;C:\WINDOWS\WinSxS\amd64_microsoft.windows.common-controls_6595b64144ccf1df_6.0.26100.7705_none_3e06597ae3363b04;C:\Program Files\Java\jdk-17\bin\server;C:\Users\Admin\AppData\Local\Temp\idea_libasyncProfiler_dll_temp_folder

VM Arguments:
jvm_args: -agentlib:jdwp=transport=dt_socket,address=127.0.0.1:60419,suspend=y,server=n -agentpath:C:\Users\Admin\AppData\Local\Temp\idea_libasyncProfiler_dll_temp_folder\libasyncProfiler.dll=version,jfr,event=wall,interval=10ms,cstack=no,file=C:\Users\Admin\IdeaSnapshots\TasklistApplication_2026_02_13_174017.jfr,dbghelppath=C:\Users\Admin\AppData\Local\Temp\idea_dbghelp_dll_temp_folder\dbghelp.dll,log=C:\Users\Admin\AppData\Local\Temp\TasklistApplication_2026_02_13_174017.jfr.log.txt,logLevel=DEBUG -XX:TieredStopAtLevel=1 -Dspring.output.ansi.enabled=always -Dcom.sun.management.jmxremote -Dspring.jmx.enabled=true -Dspring.liveBeansView.mbeanDomain -Dspring.application.admin.enabled=true -Dmanagement.endpoints.jmx.exposure.include=* -javaagent:C:\Users\Admin\AppData\Local\JetBrains\IntelliJIdea2024.3\captureAgent\debugger-agent.jar -Dkotlinx.coroutines.debug.enable.creation.stack.trace=false -Ddebugger.agent.enable.coroutines=true -Dkotlinx.coroutines.debug.enable.flows.stack.trace=true -Dkotlinx.coroutines.debug.enable.mutable.state.flows.stack.trace=true -Dfile.encoding=UTF-8 
java_command: com.programmingtechie.tasklist.TasklistApplication
java_class_path (initial): D:\tasklist\build\classes\java\main;D:\tasklist\build\resources\main;C:\Users\Admin\.gradle\caches\modules-2\files-2.1\org.projectlombok\lombok\1.18.42\8365263844ebb62398e0dc33057ba10ba472d3b8\lombok-1.18.42.jar;C:\Users\Admin\.gradle\caches\modules-2\files-2.1\org.mapstruct\mapstruct-processor\1.6.3\52e345c907fbf173b376586c7f8b131d53fa5867\mapstruct-processor-1.6.3.jar;C:\Users\Admin\.gradle\caches\modules-2\files-2.1\org.springframework.boot\spring-boot-configuration-processor\4.0.2\5ff5e4fb5a9666b756a3111a41b194fe4f3793f2\spring-boot-configuration-processor-4.0.2.jar;C:\Users\Admin\.gradle\caches\modules-2\files-2.1\org.springframework.boot\spring-boot-starter-data-jdbc\4.0.2\25f60d2b6e43484ec94f9a0fb70f64eb23b056ea\spring-boot-starter-data-jdbc-4.0.2.jar;C:\Users\Admin\.gradle\caches\modules-2\files-2.1\org.springframework.boot\spring-boot-starter-data-jpa\4.0.2\9a0d38da3839a394509639490e6b9a359bfafdd6\spring-boot-starter-data-jpa-4.0.2.jar;C:\Users\Admin\.gradle\caches\modules-2\files-2.1\org.springframework.boot\spring-boot-starter-webmvc\4.0.2\90563663cdd252544fd7a8139d1c853740d8e61c\spring-boot-starter-webmvc-4.0.2.jar;C:\Users\Admin\.gradle\caches\modules-2\files-2.1\org.springframework.boot\spring-boot-starter-data-redis\4.0.2\20f98c2c5ee7bcf1e4ad0bad6e8055902ab6d2f4\spring-boot-starter-data-redis-4.0.2.jar;C:\Users\Admin\.gradle\caches\modules-2\files-2.1\org.springframework.boot\spring-boot-starter-cache\4.0.2\8bf39d187e5ec1dd5fd317eb9be34aee01beefb3\spring-boot-starter-cache-4.0.2.jar;C:\Users\Admin\.gradle\caches\modules-2\files-2.1\org.mapstruct\mapstruct\1.6.3\416a2155212286d6a1c4cb3bb553c7dfd6a1a092\mapstruct-1.6.3.jar;C:\Users\Admin\.gradle\caches\modules-2\files-2.1\org.springdoc\springdoc-openapi-starter-webmvc-ui\3.0.1\c522542c0ac67ab9d23ceb14b6503544ef9bb9c0\springdoc-openapi-starter-webmvc-ui-3.0.1.jar;C:\Users\Admin\.gradle\caches\modules-2\files-2.1\net.lbruun.springboot\preliquibase-spring-boot-starter\2.0.0\904
Launcher Type: SUN_STANDARD

[Global flags]
     intx CICompilerCount                          = 4                                         {product} {ergonomic}
     uint ConcGCThreads                            = 2                                         {product} {ergonomic}
     uint G1ConcRefinementThreads                  = 8                                         {product} {ergonomic}
   size_t G1HeapRegionSize                         = 2097152                                   {product} {ergonomic}
    uintx GCDrainStackTargetSize                   = 64                                        {product} {ergonomic}
   size_t InitialHeapSize                          = 266338304                                 {product} {ergonomic}
     bool ManagementServer                         = true                                      {product} {command line}
   size_t MarkStackSize                            = 4194304                                   {product} {ergonomic}
   size_t MaxHeapSize                              = 4238344192                                {product} {ergonomic}
   size_t MaxNewSize                               = 2541748224                                {product} {ergonomic}
   size_t MinHeapDeltaBytes                        = 2097152                                   {product} {ergonomic}
   size_t MinHeapSize                              = 8388608                                   {product} {ergonomic}
    uintx NonProfiledCodeHeapSize                  = 0                                      {pd product} {ergonomic}
     bool ProfileInterpreter                       = false                                  {pd product} {command line}
    uintx ProfiledCodeHeapSize                     = 0                                      {pd product} {ergonomic}
   size_t SoftMaxHeapSize                          = 4238344192                             {manageable} {ergonomic}
     intx TieredStopAtLevel                        = 1                                         {product} {command line}
     bool UseCompressedClassPointers               = true                           {product lp64_product} {ergonomic}
     bool UseCompressedOops                        = true                           {product lp64_product} {ergonomic}
     bool UseG1GC                                  = true                                      {product} {ergonomic}
     bool UseLargePagesIndividualAllocation        = false                                  {pd product} {ergonomic}

Logging:
Log output configuration:
 #0: stdout all=warning uptime,level,tags
 #1: stderr all=off uptime,level,tags

Environment Variables:
PATH=C:\Program Files\Common Files\Oracle\Java\javapath;C:\Program Files (x86)\VMware\VMware Workstation\bin\;C:\WINDOWS\system32;C:\WINDOWS;C:\WINDOWS\System32\Wbem;C:\WINDOWS\System32\WindowsPowerShell\v1.0\;C:\WINDOWS\System32\OpenSSH\;C:\Program Files\Microsoft SQL Server\Client SDK\ODBC\170\Tools\Binn\;C:\Program Files\Git\cmd;C:\Program Files\Azure Data Studio\bin;C:\Program Files (x86)\Microsoft SQL Server\160\Tools\Binn\;C:\Program Files\Microsoft SQL Server\160\Tools\Binn\;C:\Program Files\Microsoft SQL Server\160\DTS\Binn\;C:\Program Files\Microsoft SQL Server\130\Tools\Binn\;C:\Program Files\dotnet\;C:\Program Files\nodejs\;C:\Program Files\Go\bin;C:\apache-maven-3.9.9\bin;C:\Program Files (x86)\Microsoft SQL Server\160\DTS\Binn\;C:\Program Files\Microsoft SQL Server\150\Tools\Binn\;C:\Program Files\Docker\Docker\resources\bin;C:\Users\Admin\AppData\Local\Programs\Python\Python311\Scripts\;C:\Users\Admin\AppData\Local\Programs\Python\Python311\;C:\Users\Admin\AppData\Local\Microsoft\WindowsApps;C:\Users\Admin\AppData\Local\Programs\Microsoft VS Code\bin;C:\Users\Admin\.dotnet\tools;C:\Users\Admin\AppData\Local\JetBrains\Toolbox\scripts;;C:\Program Files\Azure Data Studio\bin;C:\Users\Admin\AppData\Local\Microsoft\WindowsApps;C:\Users\Admin\AppData\Roaming\npm;C:\Users\Admin\go\bin;C:\Users\Admin\.dotnet\tools;C:\Program Files\liquibase-secure
USERNAME=Admin
OS=Windows_NT
PROCESSOR_IDENTIFIER=Intel64 Family 6 Model 140 Stepping 1, GenuineIntel



---------------  S Y S T E M  ---------------

OS:
 Windows 11 , 64 bit Build 26100 (10.0.26100.7705)
OS uptime: 8 days 19:48 hours
Hyper-V role detected

CPU: total 8 (initial active 8) (4 cores per cpu, 2 threads per core) family 6 model 140 stepping 1 microcode 0x9a, cx8, cmov, fxsr, ht, mmx, 3dnowpref, sse, sse2, sse3, ssse3, sse4.1, sse4.2, popcnt, lzcnt, tsc, tscinvbit, avx, avx2, aes, erms, clmul, bmi1, bmi2, adx, avx512f, avx512dq, avx512cd, avx512bw, avx512vl, sha, fma, vzeroupper, avx512_vpopcntdq, avx512_vpclmulqdq, avx512_vaes, avx512_vnni, clflush, clflushopt, clwb, avx512_vbmi2, avx512_vbmi, hv

Memory: 4k page, system-wide physical 16167M (602M free)
TotalPageFile size 38667M (AvailPageFile size 3M)
current process WorkingSet (physical memory assigned to process): 298M, peak: 298M
current process commit charge ("private bytes"): 349M, peak: 411M

vm_info: Java HotSpot(TM) 64-Bit Server VM (17.0.12+8-LTS-286) for windows-amd64 JRE (17.0.12+8-LTS-286), built on Jun  5 2024 06:46:59 by "mach5one" with MS VC++ 17.6 (VS2022)

END.
